Mar 30, 2021 3:42:19 AM com.megacrit.mtslauncher.MtsFinder writeSteamAppIDFile
FINE: The file 'steam_appid.txt' exists. Not creating it...
Mar 30, 2021 3:42:19 AM com.megacrit.mtslauncher.MtsFinder findModLauncher
INFO: ModTheSpire appears to be installed.
Mar 30, 2021 3:42:19 AM com.megacrit.mtslauncher.Main main
INFO: Executing jar from: F:\Vidya\Steam\steamapps\workshop\content\646570\1605060445\ModTheSpire.jar
Mar 30, 2021 3:42:19 AM com.megacrit.mtslauncher.Main main
SEVERE: java.io.IOException: Cannot run program "jre/bin/java": CreateProcess error=2, The system cannot find the file specified
java.io.IOException: Cannot run program "jre/bin/java": CreateProcess error=2, The system cannot find the file specified
	at java.lang.ProcessBuilder.start(ProcessBuilder.java:1048)
	at com.megacrit.mtslauncher.Main.main(Main.java:44)
Caused by: java.io.IOException: CreateProcess error=2, The system cannot find the file specified
	at java.lang.ProcessImpl.create(Native Method)
	at java.lang.ProcessImpl.<init>(ProcessImpl.java:444)
	at java.lang.ProcessImpl.start(ProcessImpl.java:140)
	at java.lang.ProcessBuilder.start(ProcessBuilder.java:1029)
	... 1 more

Mar 30, 2021 3:42:19 AM sun.awt.windows.WToolkit <clinit>
FINE: Win version: 0x4a62000a = 1247936522 (Windows Vista)
Mar 30, 2021 3:42:19 AM sun.awt.windows.WDesktopProperties setIntegerProperty
FINE: win.properties.version=3
Mar 30, 2021 3:42:19 AM sun.awt.windows.WDesktopProperties setFontProperty
FINE: win.frame.captionFont=java.awt.Font[family=Segoe UI,name=Segoe UI,style=plain,size=12]
Mar 30, 2021 3:42:19 AM sun.awt.windows.WDesktopProperties setFontProperty
FINE: win.frame.captionFont.height=12
Mar 30, 2021 3:42:19 AM sun.awt.windows.WDesktopProperties setIntegerProperty
FINE: win.frame.captionHeight=22
Mar 30, 2021 3:42:19 AM sun.awt.windows.WDesktopProperties setIntegerProperty
FINE: win.frame.captionButtonWidth=36
Mar 30, 2021 3:42:19 AM sun.awt.windows.WDesktopProperties setIntegerProperty
FINE: win.frame.captionButtonHeight=22
Mar 30, 2021 3:42:19 AM sun.awt.windows.WDesktopProperties setFontProperty
FINE: win.frame.smallCaptionFont=java.awt.Font[family=Segoe UI,name=Segoe UI,style=plain,size=12]
Mar 30, 2021 3:42:19 AM sun.awt.windows.WDesktopProperties setFontProperty
FINE: win.frame.smallCaptionFont.height=12
Mar 30, 2021 3:42:19 AM sun.awt.windows.WDesktopProperties setIntegerProperty
FINE: win.frame.smallCaptionHeight=22
Mar 30, 2021 3:42:19 AM sun.awt.windows.WDesktopProperties setIntegerProperty
FINE: win.frame.smallCaptionButtonWidth=22
Mar 30, 2021 3:42:19 AM sun.awt.windows.WDesktopProperties setIntegerProperty
FINE: win.frame.smallCaptionButtonHeight=22
Mar 30, 2021 3:42:19 AM sun.awt.windows.WDesktopProperties setIntegerProperty
FINE: win.frame.sizingBorderWidth=1
Mar 30, 2021 3:42:19 AM sun.awt.windows.WDesktopProperties setFontProperty
FINE: win.menu.font=java.awt.Font[family=Segoe UI,name=Segoe UI,style=plain,size=12]
Mar 30, 2021 3:42:19 AM sun.awt.windows.WDesktopProperties setFontProperty
FINE: win.menu.font.height=12
Mar 30, 2021 3:42:19 AM sun.awt.windows.WDesktopProperties setIntegerProperty
FINE: win.menu.height=19
Mar 30, 2021 3:42:19 AM sun.awt.windows.WDesktopProperties setIntegerProperty
FINE: win.menu.buttonWidth=19
Mar 30, 2021 3:42:19 AM sun.awt.windows.WDesktopProperties setIntegerProperty
FINE: win.scrollbar.width=17
Mar 30, 2021 3:42:19 AM sun.awt.windows.WDesktopProperties setIntegerProperty
FINE: win.scrollbar.height=17
Mar 30, 2021 3:42:19 AM sun.awt.windows.WDesktopProperties setFontProperty
FINE: win.status.font=java.awt.Font[family=Segoe UI,name=Segoe UI,style=plain,size=12]
Mar 30, 2021 3:42:19 AM sun.awt.windows.WDesktopProperties setFontProperty
FINE: win.status.font.height=12
Mar 30, 2021 3:42:19 AM sun.awt.windows.WDesktopProperties setFontProperty
FINE: win.tooltip.font=java.awt.Font[family=Segoe UI,name=Segoe UI,style=plain,size=12]
Mar 30, 2021 3:42:19 AM sun.awt.windows.WDesktopProperties setFontProperty
FINE: win.tooltip.font.height=12
Mar 30, 2021 3:42:19 AM sun.awt.windows.WDesktopProperties setFontProperty
FINE: win.messagebox.font=java.awt.Font[family=Segoe UI,name=Segoe UI,style=plain,size=12]
Mar 30, 2021 3:42:19 AM sun.awt.windows.WDesktopProperties setFontProperty
FINE: win.messagebox.font.height=12
Mar 30, 2021 3:42:19 AM sun.awt.windows.WDesktopProperties setIntegerProperty
FINE: win.icon.hspacing=75
Mar 30, 2021 3:42:19 AM sun.awt.windows.WDesktopProperties setIntegerProperty
FINE: win.icon.vspacing=75
Mar 30, 2021 3:42:19 AM sun.awt.windows.WDesktopProperties setBooleanProperty
FINE: win.icon.titleWrappingOn=true
Mar 30, 2021 3:42:19 AM sun.awt.windows.WDesktopProperties setFontProperty
FINE: win.icon.font=java.awt.Font[family=Segoe UI,name=Segoe UI,style=plain,size=12]
Mar 30, 2021 3:42:19 AM sun.awt.windows.WDesktopProperties setFontProperty
FINE: win.icon.font.height=12
Mar 30, 2021 3:42:19 AM sun.awt.windows.WDesktopProperties setColorProperty
FINE: win.frame.activeCaptionGradientColor=java.awt.Color[r=185,g=209,b=234]
Mar 30, 2021 3:42:19 AM sun.awt.windows.WDesktopProperties setColorProperty
FINE: win.frame.inactiveCaptionGradientColor=java.awt.Color[r=215,g=228,b=242]
Mar 30, 2021 3:42:19 AM sun.awt.windows.WDesktopProperties setColorProperty
FINE: win.item.hotTrackedColor=java.awt.Color[r=0,g=102,b=204]
Mar 30, 2021 3:42:19 AM sun.awt.windows.WDesktopProperties setColorProperty
FINE: win.3d.darkShadowColor=java.awt.Color[r=105,g=105,b=105]
Mar 30, 2021 3:42:19 AM sun.awt.windows.WDesktopProperties setColorProperty
FINE: win.3d.backgroundColor=java.awt.Color[r=240,g=240,b=240]
Mar 30, 2021 3:42:19 AM sun.awt.windows.WDesktopProperties setColorProperty
FINE: win.3d.highlightColor=java.awt.Color[r=255,g=255,b=255]
Mar 30, 2021 3:42:19 AM sun.awt.windows.WDesktopProperties setColorProperty
FINE: win.3d.lightColor=java.awt.Color[r=227,g=227,b=227]
Mar 30, 2021 3:42:19 AM sun.awt.windows.WDesktopProperties setColorProperty
FINE: win.3d.shadowColor=java.awt.Color[r=160,g=160,b=160]
Mar 30, 2021 3:42:19 AM sun.awt.windows.WDesktopProperties setColorProperty
FINE: win.button.textColor=java.awt.Color[r=0,g=0,b=0]
Mar 30, 2021 3:42:19 AM sun.awt.windows.WDesktopProperties setColorProperty
FINE: win.desktop.backgroundColor=java.awt.Color[r=0,g=0,b=0]
Mar 30, 2021 3:42:19 AM sun.awt.windows.WDesktopProperties setColorProperty
FINE: win.frame.activeCaptionColor=java.awt.Color[r=153,g=180,b=209]
Mar 30, 2021 3:42:19 AM sun.awt.windows.WDesktopProperties setColorProperty
FINE: win.frame.activeBorderColor=java.awt.Color[r=180,g=180,b=180]
Mar 30, 2021 3:42:19 AM sun.awt.windows.WDesktopProperties setColorProperty
FINE: win.frame.color=java.awt.Color[r=100,g=100,b=100]
Mar 30, 2021 3:42:19 AM sun.awt.windows.WDesktopProperties setColorProperty
FINE: win.frame.backgroundColor=java.awt.Color[r=255,g=255,b=255]
Mar 30, 2021 3:42:19 AM sun.awt.windows.WDesktopProperties setColorProperty
FINE: win.frame.captionTextColor=java.awt.Color[r=0,g=0,b=0]
Mar 30, 2021 3:42:19 AM sun.awt.windows.WDesktopProperties setColorProperty
FINE: win.frame.inactiveBorderColor=java.awt.Color[r=244,g=247,b=252]
Mar 30, 2021 3:42:19 AM sun.awt.windows.WDesktopProperties setColorProperty
FINE: win.frame.inactiveCaptionColor=java.awt.Color[r=191,g=205,b=219]
Mar 30, 2021 3:42:19 AM sun.awt.windows.WDesktopProperties setColorProperty
FINE: win.frame.inactiveCaptionTextColor=java.awt.Color[r=0,g=0,b=0]
Mar 30, 2021 3:42:19 AM sun.awt.windows.WDesktopProperties setColorProperty
FINE: win.frame.textColor=java.awt.Color[r=0,g=0,b=0]
Mar 30, 2021 3:42:19 AM sun.awt.windows.WDesktopProperties setColorProperty
FINE: win.item.highlightColor=java.awt.Color[r=0,g=120,b=215]
Mar 30, 2021 3:42:19 AM sun.awt.windows.WDesktopProperties setColorProperty
FINE: win.item.highlightTextColor=java.awt.Color[r=255,g=255,b=255]
Mar 30, 2021 3:42:19 AM sun.awt.windows.WDesktopProperties setColorProperty
FINE: win.mdi.backgroundColor=java.awt.Color[r=171,g=171,b=171]
Mar 30, 2021 3:42:19 AM sun.awt.windows.WDesktopProperties setColorProperty
FINE: win.menu.backgroundColor=java.awt.Color[r=240,g=240,b=240]
Mar 30, 2021 3:42:19 AM sun.awt.windows.WDesktopProperties setColorProperty
FINE: win.menu.textColor=java.awt.Color[r=0,g=0,b=0]
Mar 30, 2021 3:42:19 AM sun.awt.windows.WDesktopProperties setColorProperty
FINE: win.menubar.backgroundColor=java.awt.Color[r=240,g=240,b=240]
Mar 30, 2021 3:42:19 AM sun.awt.windows.WDesktopProperties setColorProperty
FINE: win.scrollbar.backgroundColor=java.awt.Color[r=200,g=200,b=200]
Mar 30, 2021 3:42:19 AM sun.awt.windows.WDesktopProperties setColorProperty
FINE: win.text.grayedTextColor=java.awt.Color[r=109,g=109,b=109]
Mar 30, 2021 3:42:19 AM sun.awt.windows.WDesktopProperties setColorProperty
FINE: win.tooltip.backgroundColor=java.awt.Color[r=255,g=255,b=225]
Mar 30, 2021 3:42:19 AM sun.awt.windows.WDesktopProperties setColorProperty
FINE: win.tooltip.textColor=java.awt.Color[r=0,g=0,b=0]
Mar 30, 2021 3:42:19 AM sun.awt.windows.WDesktopProperties setIntegerProperty
FINE: win.caret.width=1
Mar 30, 2021 3:42:19 AM sun.awt.windows.WDesktopProperties setBooleanProperty
FINE: win.frame.fullWindowDragsOn=true
Mar 30, 2021 3:42:19 AM sun.awt.windows.WDesktopProperties setBooleanProperty
FINE: win.text.fontSmoothingOn=true
Mar 30, 2021 3:42:19 AM sun.awt.windows.WDesktopProperties setIntegerProperty
FINE: win.text.fontSmoothingType=2
Mar 30, 2021 3:42:19 AM sun.awt.windows.WDesktopProperties setIntegerProperty
FINE: win.text.fontSmoothingContrast=1200
Mar 30, 2021 3:42:19 AM sun.awt.windows.WDesktopProperties setIntegerProperty
FINE: win.text.fontSmoothingOrientation=1
Mar 30, 2021 3:42:19 AM sun.awt.windows.WDesktopProperties setIntegerProperty
FINE: win.drag.width=4
Mar 30, 2021 3:42:19 AM sun.awt.windows.WDesktopProperties setIntegerProperty
FINE: win.drag.height=4
Mar 30, 2021 3:42:19 AM sun.awt.windows.WDesktopProperties setIntegerProperty
FINE: DnD.gestureMotionThreshold=2
Mar 30, 2021 3:42:19 AM sun.awt.windows.WDesktopProperties setIntegerProperty
FINE: awt.mouse.numButtons=5
Mar 30, 2021 3:42:19 AM sun.awt.windows.WDesktopProperties setIntegerProperty
FINE: awt.multiClickInterval=500
Mar 30, 2021 3:42:19 AM sun.awt.windows.WDesktopProperties setBooleanProperty
FINE: awt.dynamicLayoutSupported=true
Mar 30, 2021 3:42:19 AM sun.awt.windows.WDesktopProperties setBooleanProperty
FINE: awt.wheelMousePresent=true
Mar 30, 2021 3:42:19 AM sun.awt.windows.WDesktopProperties setBooleanProperty
FINE: win.frame.captionGradientsOn=true
Mar 30, 2021 3:42:19 AM sun.awt.windows.WDesktopProperties setBooleanProperty
FINE: win.item.hotTrackingOn=true
Mar 30, 2021 3:42:19 AM sun.awt.windows.WDesktopProperties setBooleanProperty
FINE: win.menu.keyboardCuesOn=false
Mar 30, 2021 3:42:19 AM sun.awt.windows.WDesktopProperties setBooleanProperty
FINE: win.highContrast.on=false
Mar 30, 2021 3:42:19 AM sun.awt.windows.WDesktopProperties setBooleanProperty
FINE: awt.file.showHiddenFiles=true
Mar 30, 2021 3:42:19 AM sun.awt.windows.WDesktopProperties setBooleanProperty
FINE: awt.file.showAttribCol=false
Mar 30, 2021 3:42:19 AM sun.awt.windows.WDesktopProperties setSoundProperty
FINE: win.sound.default=WinPlaySound(.Default)
Mar 30, 2021 3:42:19 AM sun.awt.windows.WDesktopProperties setSoundProperty
FINE: win.sound.close=WinPlaySound(Close)
Mar 30, 2021 3:42:19 AM sun.awt.windows.WDesktopProperties setSoundProperty
FINE: win.sound.maximize=WinPlaySound(Maximize)
Mar 30, 2021 3:42:19 AM sun.awt.windows.WDesktopProperties setSoundProperty
FINE: win.sound.minimize=WinPlaySound(Minimize)
Mar 30, 2021 3:42:19 AM sun.awt.windows.WDesktopProperties setSoundProperty
FINE: win.sound.menuCommand=WinPlaySound(MenuCommand)
Mar 30, 2021 3:42:19 AM sun.awt.windows.WDesktopProperties setSoundProperty
FINE: win.sound.menuPopup=WinPlaySound(MenuPopup)
Mar 30, 2021 3:42:19 AM sun.awt.windows.WDesktopProperties setSoundProperty
FINE: win.sound.open=WinPlaySound(Open)
Mar 30, 2021 3:42:19 AM sun.awt.windows.WDesktopProperties setSoundProperty
FINE: win.sound.restoreDown=WinPlaySound(RestoreDown)
Mar 30, 2021 3:42:19 AM sun.awt.windows.WDesktopProperties setSoundProperty
FINE: win.sound.restoreUp=WinPlaySound(RestoreUp)
Mar 30, 2021 3:42:19 AM sun.awt.windows.WDesktopProperties setSoundProperty
FINE: win.sound.asterisk=WinPlaySound(SystemAsterisk)
Mar 30, 2021 3:42:19 AM sun.awt.windows.WDesktopProperties setSoundProperty
FINE: win.sound.exclamation=WinPlaySound(SystemExclamation)
Mar 30, 2021 3:42:19 AM sun.awt.windows.WDesktopProperties setSoundProperty
FINE: win.sound.exit=WinPlaySound(SystemExit)
Mar 30, 2021 3:42:19 AM sun.awt.windows.WDesktopProperties setSoundProperty
FINE: win.sound.hand=WinPlaySound(SystemHand)
Mar 30, 2021 3:42:19 AM sun.awt.windows.WDesktopProperties setSoundProperty
FINE: win.sound.question=WinPlaySound(SystemQuestion)
Mar 30, 2021 3:42:19 AM sun.awt.windows.WDesktopProperties setSoundProperty
FINE: win.sound.start=WinPlaySound(SystemStart)
Mar 30, 2021 3:42:19 AM sun.awt.windows.WDesktopProperties setFontProperty
FINE: win.ansiFixed.font=java.awt.Font[family=Monospaced,name=Monospaced,style=plain,size=13]
Mar 30, 2021 3:42:19 AM sun.awt.windows.WDesktopProperties setFontProperty
FINE: win.ansiFixed.font.height=13
Mar 30, 2021 3:42:19 AM sun.awt.windows.WDesktopProperties setFontProperty
FINE: win.ansiVar.font=java.awt.Font[family=Microsoft Sans Serif,name=Microsoft Sans Serif,style=plain,size=11]
Mar 30, 2021 3:42:19 AM sun.awt.windows.WDesktopProperties setFontProperty
FINE: win.ansiVar.font.height=11
Mar 30, 2021 3:42:19 AM sun.awt.windows.WDesktopProperties setFontProperty
FINE: win.deviceDefault.font=java.awt.Font[family=Dialog,name=Dialog,style=bold,size=13]
Mar 30, 2021 3:42:19 AM sun.awt.windows.WDesktopProperties setFontProperty
FINE: win.deviceDefault.font.height=13
Mar 30, 2021 3:42:19 AM sun.awt.windows.WDesktopProperties setFontProperty
FINE: win.defaultGUI.font=java.awt.Font[family=Tahoma,name=Tahoma,style=plain,size=11]
Mar 30, 2021 3:42:19 AM sun.awt.windows.WDesktopProperties setFontProperty
FINE: win.defaultGUI.font.height=11
Mar 30, 2021 3:42:19 AM sun.awt.windows.WDesktopProperties setFontProperty
FINE: win.oemFixed.font=java.awt.Font[family=Dialog,name=Dialog,style=plain,size=12]
Mar 30, 2021 3:42:19 AM sun.awt.windows.WDesktopProperties setFontProperty
FINE: win.oemFixed.font.height=12
Mar 30, 2021 3:42:19 AM sun.awt.windows.WDesktopProperties setFontProperty
FINE: win.system.font=java.awt.Font[family=Dialog,name=Dialog,style=bold,size=13]
Mar 30, 2021 3:42:19 AM sun.awt.windows.WDesktopProperties setFontProperty
FINE: win.system.font.height=13
Mar 30, 2021 3:42:19 AM sun.awt.windows.WDesktopProperties setFontProperty
FINE: win.systemFixed.font=java.awt.Font[family=Dialog,name=Fixedsys,style=plain,size=12]
Mar 30, 2021 3:42:19 AM sun.awt.windows.WDesktopProperties setFontProperty
FINE: win.systemFixed.font.height=12
Mar 30, 2021 3:42:19 AM sun.awt.windows.WDesktopProperties setBooleanProperty
FINE: win.xpstyle.themeActive=true
Mar 30, 2021 3:42:19 AM sun.awt.windows.WDesktopProperties setStringProperty
FINE: win.xpstyle.dllName=C:\WINDOWS\resources\themes\Aero\Aero.msstyles
Mar 30, 2021 3:42:19 AM sun.awt.windows.WDesktopProperties setStringProperty
FINE: win.xpstyle.sizeName=NormalSize
Mar 30, 2021 3:42:19 AM sun.awt.windows.WDesktopProperties setStringProperty
FINE: win.xpstyle.colorName=NormalColor
Mar 30, 2021 3:42:19 AM sun.awt.windows.WToolkit updateProperties
FINER: changed win.systemFixed.font to java.awt.Font[family=Dialog,name=Fixedsys,style=plain,size=12]
Mar 30, 2021 3:42:19 AM sun.awt.windows.WToolkit updateProperties
FINER: changed win.frame.inactiveBorderColor to java.awt.Color[r=244,g=247,b=252]
Mar 30, 2021 3:42:19 AM sun.awt.windows.WToolkit updateProperties
FINER: changed win.frame.captionGradientsOn to true
Mar 30, 2021 3:42:19 AM sun.awt.windows.WToolkit updateProperties
FINER: changed win.messagebox.font to java.awt.Font[family=Segoe UI,name=Segoe UI,style=plain,size=12]
Mar 30, 2021 3:42:19 AM sun.awt.windows.WToolkit updateProperties
FINER: changed win.frame.smallCaptionButtonHeight to 22
Mar 30, 2021 3:42:19 AM sun.awt.windows.WToolkit updateProperties
FINER: changed win.frame.inactiveCaptionGradientColor to java.awt.Color[r=215,g=228,b=242]
Mar 30, 2021 3:42:19 AM sun.awt.windows.WToolkit updateProperties
FINER: changed win.ansiFixed.font to java.awt.Font[family=Monospaced,name=Monospaced,style=plain,size=13]
Mar 30, 2021 3:42:19 AM sun.awt.windows.WToolkit updateProperties
FINER: changed win.xpstyle.themeActive to true
Mar 30, 2021 3:42:19 AM sun.awt.windows.WToolkit updateProperties
FINER: changed win.xpstyle.dllName to C:\WINDOWS\resources\themes\Aero\Aero.msstyles
Mar 30, 2021 3:42:19 AM sun.awt.windows.WToolkit updateProperties
FINER: changed win.3d.highlightColor to java.awt.Color[r=255,g=255,b=255]
Mar 30, 2021 3:42:19 AM sun.awt.windows.WToolkit updateProperties
FINER: changed win.frame.smallCaptionFont to java.awt.Font[family=Segoe UI,name=Segoe UI,style=plain,size=12]
Mar 30, 2021 3:42:19 AM sun.awt.windows.WToolkit updateProperties
FINER: changed awt.dynamicLayoutSupported to true
Mar 30, 2021 3:42:19 AM sun.awt.windows.WToolkit updateProperties
FINER: changed win.frame.captionFont.height to 12
Mar 30, 2021 3:42:19 AM sun.awt.windows.WToolkit updateProperties
FINER: changed win.button.textColor to java.awt.Color[r=0,g=0,b=0]
Mar 30, 2021 3:42:19 AM sun.awt.windows.WToolkit updateProperties
FINER: changed win.sound.asterisk to WinPlaySound(SystemAsterisk)
Mar 30, 2021 3:42:19 AM sun.awt.windows.WToolkit updateProperties
FINER: changed win.sound.restoreUp to WinPlaySound(RestoreUp)
Mar 30, 2021 3:42:19 AM sun.awt.windows.WToolkit updateProperties
FINER: changed win.frame.sizingBorderWidth to 1
Mar 30, 2021 3:42:19 AM sun.awt.windows.WToolkit updateProperties
FINER: changed win.frame.smallCaptionHeight to 22
Mar 30, 2021 3:42:19 AM sun.awt.windows.WToolkit updateProperties
FINER: changed win.sound.open to WinPlaySound(Open)
Mar 30, 2021 3:42:19 AM sun.awt.windows.WToolkit updateProperties
FINER: changed win.drag.width to 4
Mar 30, 2021 3:42:19 AM sun.awt.windows.WToolkit updateProperties
FINER: changed win.item.highlightColor to java.awt.Color[r=0,g=120,b=215]
Mar 30, 2021 3:42:19 AM sun.awt.windows.WToolkit updateProperties
FINER: changed win.frame.inactiveCaptionColor to java.awt.Color[r=191,g=205,b=219]
Mar 30, 2021 3:42:19 AM sun.awt.windows.WToolkit updateProperties
FINER: changed win.frame.captionButtonWidth to 36
Mar 30, 2021 3:42:19 AM sun.awt.windows.WToolkit updateProperties
FINER: changed win.frame.activeCaptionColor to java.awt.Color[r=153,g=180,b=209]
Mar 30, 2021 3:42:19 AM sun.awt.windows.WToolkit updateProperties
FINER: changed awt.wheelMousePresent to true
Mar 30, 2021 3:42:19 AM sun.awt.windows.WToolkit updateProperties
FINER: changed win.sound.maximize to WinPlaySound(Maximize)
Mar 30, 2021 3:42:19 AM sun.awt.windows.WToolkit updateProperties
FINER: changed DnD.gestureMotionThreshold to 2
Mar 30, 2021 3:42:19 AM sun.awt.windows.WToolkit updateProperties
FINER: changed win.mdi.backgroundColor to java.awt.Color[r=171,g=171,b=171]
Mar 30, 2021 3:42:19 AM sun.awt.windows.WToolkit updateProperties
FINER: changed win.sound.menuCommand to WinPlaySound(MenuCommand)
Mar 30, 2021 3:42:19 AM sun.awt.windows.WToolkit updateProperties
FINER: changed win.menubar.backgroundColor to java.awt.Color[r=240,g=240,b=240]
Mar 30, 2021 3:42:19 AM sun.awt.windows.WToolkit updateProperties
FINER: changed win.drag.height to 4
Mar 30, 2021 3:42:19 AM sun.awt.windows.WToolkit updateProperties
FINER: changed win.oemFixed.font.height to 12
Mar 30, 2021 3:42:19 AM sun.awt.windows.WToolkit updateProperties
FINER: changed win.scrollbar.height to 17
Mar 30, 2021 3:42:19 AM sun.awt.windows.WToolkit updateProperties
FINER: changed win.frame.color to java.awt.Color[r=100,g=100,b=100]
Mar 30, 2021 3:42:19 AM sun.awt.windows.WToolkit updateProperties
FINER: changed win.scrollbar.width to 17
Mar 30, 2021 3:42:19 AM sun.awt.windows.WToolkit updateProperties
FINER: changed win.frame.textColor to java.awt.Color[r=0,g=0,b=0]
Mar 30, 2021 3:42:19 AM sun.awt.windows.WToolkit updateProperties
FINER: changed win.3d.lightColor to java.awt.Color[r=227,g=227,b=227]
Mar 30, 2021 3:42:19 AM sun.awt.windows.WToolkit updateProperties
FINER: changed win.sound.hand to WinPlaySound(SystemHand)
Mar 30, 2021 3:42:19 AM sun.awt.windows.WToolkit updateProperties
FINER: changed win.properties.version to 3
Mar 30, 2021 3:42:19 AM sun.awt.windows.WToolkit updateProperties
FINER: changed win.deviceDefault.font.height to 13
Mar 30, 2021 3:42:19 AM sun.awt.windows.WToolkit updateProperties
FINER: changed win.system.font to java.awt.Font[family=Dialog,name=Dialog,style=bold,size=13]
Mar 30, 2021 3:42:19 AM sun.awt.windows.WToolkit updateProperties
FINER: changed win.icon.vspacing to 75
Mar 30, 2021 3:42:19 AM sun.awt.windows.WToolkit updateProperties
FINER: changed win.3d.darkShadowColor to java.awt.Color[r=105,g=105,b=105]
Mar 30, 2021 3:42:19 AM sun.awt.windows.WToolkit updateProperties
FINER: changed win.menu.font to java.awt.Font[family=Segoe UI,name=Segoe UI,style=plain,size=12]
Mar 30, 2021 3:42:19 AM sun.awt.windows.WToolkit updateProperties
FINER: changed win.sound.start to WinPlaySound(SystemStart)
Mar 30, 2021 3:42:19 AM sun.awt.windows.WToolkit updateProperties
FINER: changed win.xpstyle.sizeName to NormalSize
Mar 30, 2021 3:42:19 AM sun.awt.windows.WToolkit updateProperties
FINER: changed win.frame.smallCaptionFont.height to 12
Mar 30, 2021 3:42:19 AM sun.awt.windows.WToolkit updateProperties
FINER: changed win.frame.activeCaptionGradientColor to java.awt.Color[r=185,g=209,b=234]
Mar 30, 2021 3:42:19 AM sun.awt.windows.WToolkit updateProperties
FINER: changed win.sound.exclamation to WinPlaySound(SystemExclamation)
Mar 30, 2021 3:42:19 AM sun.awt.windows.WToolkit updateProperties
FINER: changed win.item.hotTrackedColor to java.awt.Color[r=0,g=102,b=204]
Mar 30, 2021 3:42:19 AM sun.awt.windows.WToolkit updateProperties
FINER: changed win.scrollbar.backgroundColor to java.awt.Color[r=200,g=200,b=200]
Mar 30, 2021 3:42:19 AM sun.awt.windows.WToolkit updateProperties
FINER: changed win.defaultGUI.font.height to 11
Mar 30, 2021 3:42:19 AM sun.awt.windows.WToolkit updateProperties
FINER: changed win.menu.backgroundColor to java.awt.Color[r=240,g=240,b=240]
Mar 30, 2021 3:42:19 AM sun.awt.windows.WToolkit updateProperties
FINER: changed win.text.fontSmoothingType to 2
Mar 30, 2021 3:42:19 AM sun.awt.windows.WToolkit updateProperties
FINER: changed win.tooltip.font to java.awt.Font[family=Segoe UI,name=Segoe UI,style=plain,size=12]
Mar 30, 2021 3:42:19 AM sun.awt.windows.WToolkit updateProperties
FINER: changed win.menu.font.height to 12
Mar 30, 2021 3:42:19 AM sun.awt.windows.WToolkit updateProperties
FINER: changed win.menu.keyboardCuesOn to false
Mar 30, 2021 3:42:19 AM sun.awt.windows.WToolkit updateProperties
FINER: changed win.ansiVar.font to java.awt.Font[family=Microsoft Sans Serif,name=Microsoft Sans Serif,style=plain,size=11]
Mar 30, 2021 3:42:19 AM sun.awt.windows.WToolkit updateProperties
FINER: changed win.3d.shadowColor to java.awt.Color[r=160,g=160,b=160]
Mar 30, 2021 3:42:19 AM sun.awt.windows.WToolkit updateProperties
FINER: changed awt.font.desktophints to {Text-specific antialiasing enable key=LCD HRGB antialiasing text mode, Text-specific LCD contrast key=120}
Mar 30, 2021 3:42:19 AM sun.awt.windows.WToolkit updateProperties
FINER: changed awt.file.showHiddenFiles to true
Mar 30, 2021 3:42:19 AM sun.awt.windows.WToolkit updateProperties
FINER: changed win.ansiFixed.font.height to 13
Mar 30, 2021 3:42:19 AM sun.awt.windows.WToolkit updateProperties
FINER: changed DnD.Autoscroll.cursorHysteresis to null
Mar 30, 2021 3:42:19 AM sun.awt.windows.WToolkit updateProperties
FINER: changed win.tooltip.textColor to java.awt.Color[r=0,g=0,b=0]
Mar 30, 2021 3:42:19 AM sun.awt.windows.WToolkit updateProperties
FINER: changed win.ansiVar.font.height to 11
Mar 30, 2021 3:42:19 AM sun.awt.windows.WToolkit updateProperties
FINER: changed win.frame.fullWindowDragsOn to true
Mar 30, 2021 3:42:19 AM sun.awt.windows.WToolkit updateProperties
FINER: changed win.sound.minimize to WinPlaySound(Minimize)
Mar 30, 2021 3:42:19 AM sun.awt.windows.WToolkit updateProperties
FINER: changed win.sound.restoreDown to WinPlaySound(RestoreDown)
Mar 30, 2021 3:42:19 AM sun.awt.windows.WToolkit updateProperties
FINER: changed win.sound.close to WinPlaySound(Close)
Mar 30, 2021 3:42:19 AM sun.awt.windows.WToolkit updateProperties
FINER: changed win.status.font.height to 12
Mar 30, 2021 3:42:19 AM sun.awt.windows.WToolkit updateProperties
FINER: changed win.3d.backgroundColor to java.awt.Color[r=240,g=240,b=240]
Mar 30, 2021 3:42:19 AM sun.awt.windows.WToolkit updateProperties
FINER: changed win.frame.smallCaptionButtonWidth to 22
Mar 30, 2021 3:42:19 AM sun.awt.windows.WToolkit updateProperties
FINER: changed win.icon.font to java.awt.Font[family=Segoe UI,name=Segoe UI,style=plain,size=12]
Mar 30, 2021 3:42:19 AM sun.awt.windows.WToolkit updateProperties
FINER: changed win.menu.buttonWidth to 19
Mar 30, 2021 3:42:19 AM sun.awt.windows.WToolkit updateProperties
FINER: changed win.deviceDefault.font to java.awt.Font[family=Dialog,name=Dialog,style=bold,size=13]
Mar 30, 2021 3:42:19 AM sun.awt.windows.WToolkit updateProperties
FINER: changed win.text.fontSmoothingOn to true
Mar 30, 2021 3:42:19 AM sun.awt.windows.WToolkit updateProperties
FINER: changed win.oemFixed.font to java.awt.Font[family=Dialog,name=Dialog,style=plain,size=12]
Mar 30, 2021 3:42:19 AM sun.awt.windows.WToolkit updateProperties
FINER: changed win.sound.menuPopup to WinPlaySound(MenuPopup)
Mar 30, 2021 3:42:19 AM sun.awt.windows.WToolkit updateProperties
FINER: changed win.system.font.height to 13
Mar 30, 2021 3:42:19 AM sun.awt.windows.WToolkit updateProperties
FINER: changed win.frame.captionButtonHeight to 22
Mar 30, 2021 3:42:19 AM sun.awt.windows.WToolkit updateProperties
FINER: changed win.frame.captionFont to java.awt.Font[family=Segoe UI,name=Segoe UI,style=plain,size=12]
Mar 30, 2021 3:42:19 AM sun.awt.windows.WToolkit updateProperties
FINER: changed win.xpstyle.colorName to NormalColor
Mar 30, 2021 3:42:19 AM sun.awt.windows.WToolkit updateProperties
FINER: changed win.frame.inactiveCaptionTextColor to java.awt.Color[r=0,g=0,b=0]
Mar 30, 2021 3:42:19 AM sun.awt.windows.WToolkit updateProperties
FINER: changed win.highContrast.on to false
Mar 30, 2021 3:42:19 AM sun.awt.windows.WToolkit updateProperties
FINER: changed win.frame.activeBorderColor to java.awt.Color[r=180,g=180,b=180]
Mar 30, 2021 3:42:19 AM sun.awt.windows.WToolkit updateProperties
FINER: changed win.item.hotTrackingOn to true
Mar 30, 2021 3:42:19 AM sun.awt.windows.WToolkit updateProperties
FINER: changed win.sound.question to WinPlaySound(SystemQuestion)
Mar 30, 2021 3:42:19 AM sun.awt.windows.WToolkit updateProperties
FINER: changed win.sound.exit to WinPlaySound(SystemExit)
Mar 30, 2021 3:42:19 AM sun.awt.windows.WToolkit updateProperties
FINER: changed win.propNames to [Ljava.lang.String;@e73f9ac
Mar 30, 2021 3:42:19 AM sun.awt.windows.WToolkit updateProperties
FINER: changed win.text.fontSmoothingContrast to 1200
Mar 30, 2021 3:42:19 AM sun.awt.windows.WToolkit updateProperties
FINER: changed win.icon.titleWrappingOn to true
Mar 30, 2021 3:42:19 AM sun.awt.windows.WToolkit updateProperties
FINER: changed awt.file.showAttribCol to false
Mar 30, 2021 3:42:19 AM sun.awt.windows.WToolkit updateProperties
FINER: changed win.frame.backgroundColor to java.awt.Color[r=255,g=255,b=255]
Mar 30, 2021 3:42:19 AM sun.awt.windows.WToolkit updateProperties
FINER: changed win.tooltip.font.height to 12
Mar 30, 2021 3:42:19 AM sun.awt.windows.WToolkit updateProperties
FINER: changed win.frame.captionHeight to 22
Mar 30, 2021 3:42:19 AM sun.awt.windows.WToolkit updateProperties
FINER: changed win.defaultGUI.font to java.awt.Font[family=Tahoma,name=Tahoma,style=plain,size=11]
Mar 30, 2021 3:42:19 AM sun.awt.windows.WToolkit updateProperties
FINER: changed win.systemFixed.font.height to 12
Mar 30, 2021 3:42:19 AM sun.awt.windows.WToolkit updateProperties
FINER: changed win.caret.width to 1
Mar 30, 2021 3:42:19 AM sun.awt.windows.WToolkit updateProperties
FINER: changed win.text.fontSmoothingOrientation to 1
Mar 30, 2021 3:42:19 AM sun.awt.windows.WToolkit updateProperties
FINER: changed win.icon.font.height to 12
Mar 30, 2021 3:42:19 AM sun.awt.windows.WToolkit updateProperties
FINER: changed win.text.grayedTextColor to java.awt.Color[r=109,g=109,b=109]
Mar 30, 2021 3:42:19 AM sun.awt.windows.WToolkit updateProperties
FINER: changed win.menu.textColor to java.awt.Color[r=0,g=0,b=0]
Mar 30, 2021 3:42:19 AM sun.awt.windows.WToolkit updateProperties
FINER: changed awt.mouse.numButtons to 5
Mar 30, 2021 3:42:19 AM sun.awt.windows.WToolkit updateProperties
FINER: changed win.tooltip.backgroundColor to java.awt.Color[r=255,g=255,b=225]
Mar 30, 2021 3:42:19 AM sun.awt.windows.WToolkit updateProperties
FINER: changed win.status.font to java.awt.Font[family=Segoe UI,name=Segoe UI,style=plain,size=12]
Mar 30, 2021 3:42:19 AM sun.awt.windows.WToolkit updateProperties
FINER: changed awt.multiClickInterval to 500
Mar 30, 2021 3:42:19 AM sun.awt.windows.WToolkit updateProperties
FINER: changed win.menu.height to 19
Mar 30, 2021 3:42:19 AM sun.awt.windows.WToolkit updateProperties
FINER: changed win.messagebox.font.height to 12
Mar 30, 2021 3:42:19 AM sun.awt.windows.WToolkit updateProperties
FINER: changed win.frame.captionTextColor to java.awt.Color[r=0,g=0,b=0]
Mar 30, 2021 3:42:19 AM sun.awt.windows.WToolkit updateProperties
FINER: changed win.icon.hspacing to 75
Mar 30, 2021 3:42:19 AM sun.awt.windows.WToolkit updateProperties
FINER: changed win.sound.default to WinPlaySound(.Default)
Mar 30, 2021 3:42:19 AM sun.awt.windows.WToolkit updateProperties
FINER: changed win.item.highlightTextColor to java.awt.Color[r=255,g=255,b=255]
Mar 30, 2021 3:42:19 AM sun.awt.windows.WToolkit updateProperties
FINER: changed win.desktop.backgroundColor to java.awt.Color[r=0,g=0,b=0]
Mar 30, 2021 3:42:19 AM sun.awt.SunDisplayChanger add
FINER: Adding listener: javax.swing.RepaintManager$DisplayChangedHandler@6a38e57f
Mar 30, 2021 3:42:20 AM sun.awt.SunDisplayChanger add
FINER: Adding listener: D3DGraphicsConfig[dev=D3DGraphicsDevice[screen=0],pixfmt=0]
Mar 30, 2021 3:42:20 AM java.awt.Window setGraphicsConfiguration
FINER: + Window.setGraphicsConfiguration(): new GC is 
+ D3DGraphicsConfig[dev=D3DGraphicsDevice[screen=0],pixfmt=0]
+ this is javax.swing.SwingUtilities$SharedOwnerFrame[frame0,0,0,0x0,invalid,hidden,normal]
Mar 30, 2021 3:42:20 AM java.awt.Window setGraphicsConfiguration
FINER: + Window.setGraphicsConfiguration(): new GC is 
+ D3DGraphicsConfig[dev=D3DGraphicsDevice[screen=0],pixfmt=0]
+ this is javax.swing.JDialog[dialog0,0,0,0x0,invalid,hidden,null,defaultCloseOperation=DO_NOTHING_ON_CLOSE,rootPane=,rootPaneCheckingEnabled=false]
Mar 30, 2021 3:42:20 AM java.awt.Container mixOnHiding
FINE: this = javax.swing.JPanel[null.glassPane,0,0,0x0,invalid,hidden,layout=java.awt.FlowLayout,alignmentX=0.0,alignmentY=0.0,border=,flags=9,maximumSize=,minimumSize=,preferredSize=]; isLightweight=false
Mar 30, 2021 3:42:20 AM java.awt.Component mixOnHiding
FINE: this = javax.swing.JPanel[null.glassPane,0,0,0x0,invalid,hidden,layout=java.awt.FlowLayout,alignmentX=0.0,alignmentY=0.0,border=,flags=9,maximumSize=,minimumSize=,preferredSize=]; isLightweight = false
Mar 30, 2021 3:42:20 AM java.awt.Component isMixingNeeded
FINE: this = javax.swing.JPanel[null.glassPane,0,0,0x0,invalid,hidden,layout=java.awt.FlowLayout,alignmentX=0.0,alignmentY=0.0,border=,flags=9,maximumSize=,minimumSize=,preferredSize=]; containing window is null
Mar 30, 2021 3:42:20 AM java.awt.Component isMixingNeeded
FINE: this = javax.swing.JPanel[null.glassPane,0,0,0x0,invalid,hidden,layout=java.awt.FlowLayout,alignmentX=0.0,alignmentY=0.0,border=,flags=16777217,maximumSize=,minimumSize=,preferredSize=]; containing window is null
Mar 30, 2021 3:42:20 AM sun.awt.SunDisplayChanger add
FINER: Adding listener: sun.awt.windows.WFramePeer[javax.swing.SwingUtilities$SharedOwnerFrame[frame0,0,0,136x39,invalid,hidden,layout=java.awt.BorderLayout,title=,resizable,normal]]
Mar 30, 2021 3:42:20 AM java.awt.Container mixOnShowing
FINE: this = javax.swing.SwingUtilities$SharedOwnerFrame[frame0,0,0,136x39,invalid,hidden,layout=java.awt.BorderLayout,title=,resizable,normal]
Mar 30, 2021 3:42:20 AM java.awt.Component isMixingNeeded
FINE: containing window = javax.swing.SwingUtilities$SharedOwnerFrame[frame0,0,0,136x39,invalid,hidden,layout=java.awt.BorderLayout,title=,resizable,normal]; has h/w descendants = false; has l/w descendants = false; disposing = false
Mar 30, 2021 3:42:20 AM sun.awt.SunDisplayChanger add
FINER: Adding listener: sun.awt.windows.WDialogPeer[javax.swing.JDialog[dialog0,0,0,136x39,invalid,hidden,layout=java.awt.BorderLayout,APPLICATION_MODAL,title=Error,defaultCloseOperation=HIDE_ON_CLOSE,rootPane=javax.swing.JRootPane[,0,0,0x0,invalid,layout=javax.swing.JRootPane$RootLayout,alignmentX=0.0,alignmentY=0.0,border=,flags=16777673,maximumSize=,minimumSize=,preferredSize=],rootPaneCheckingEnabled=true]]
Mar 30, 2021 3:42:20 AM java.awt.Container mixOnShowing
FINE: this = javax.swing.JDialog[dialog0,0,0,136x39,invalid,hidden,layout=java.awt.BorderLayout,APPLICATION_MODAL,title=Error,defaultCloseOperation=HIDE_ON_CLOSE,rootPane=javax.swing.JRootPane[,0,0,0x0,invalid,layout=javax.swing.JRootPane$RootLayout,alignmentX=0.0,alignmentY=0.0,border=,flags=16777673,maximumSize=,minimumSize=,preferredSize=],rootPaneCheckingEnabled=true]
Mar 30, 2021 3:42:20 AM java.awt.Component isMixingNeeded
FINE: containing window = javax.swing.JDialog[dialog0,0,0,136x39,invalid,hidden,layout=java.awt.BorderLayout,APPLICATION_MODAL,title=Error,defaultCloseOperation=HIDE_ON_CLOSE,rootPane=javax.swing.JRootPane[,0,0,0x0,invalid,layout=javax.swing.JRootPane$RootLayout,alignmentX=0.0,alignmentY=0.0,border=,flags=16777673,maximumSize=,minimumSize=,preferredSize=],rootPaneCheckingEnabled=true]; has h/w descendants = false; has l/w descendants = false; disposing = false
Mar 30, 2021 3:42:20 AM java.awt.Container mixOnShowing
FINE: this = javax.swing.JRootPane[,0,0,0x0,invalid,layout=javax.swing.JRootPane$RootLayout,alignmentX=0.0,alignmentY=0.0,border=,flags=16777673,maximumSize=,minimumSize=,preferredSize=]
Mar 30, 2021 3:42:20 AM java.awt.Component isMixingNeeded
FINE: this = javax.swing.JRootPane[,0,0,0x0,invalid,layout=javax.swing.JRootPane$RootLayout,alignmentX=0.0,alignmentY=0.0,border=,flags=16777673,maximumSize=,minimumSize=,preferredSize=]; areBoundsValid = false
Mar 30, 2021 3:42:20 AM java.awt.Container mixOnShowing
FINE: this = javax.swing.JPanel[null.glassPane,0,0,0x0,invalid,hidden,layout=java.awt.FlowLayout,alignmentX=0.0,alignmentY=0.0,border=,flags=16777217,maximumSize=,minimumSize=,preferredSize=]
Mar 30, 2021 3:42:20 AM java.awt.Component isMixingNeeded
FINE: this = javax.swing.JPanel[null.glassPane,0,0,0x0,invalid,hidden,layout=java.awt.FlowLayout,alignmentX=0.0,alignmentY=0.0,border=,flags=16777217,maximumSize=,minimumSize=,preferredSize=]; areBoundsValid = false
Mar 30, 2021 3:42:20 AM java.awt.Container mixOnShowing
FINE: this = javax.swing.JLayeredPane[null.layeredPane,0,0,0x0,invalid,alignmentX=0.0,alignmentY=0.0,border=,flags=0,maximumSize=,minimumSize=,preferredSize=,optimizedDrawingPossible=true]
Mar 30, 2021 3:42:20 AM java.awt.Component isMixingNeeded
FINE: this = javax.swing.JLayeredPane[null.layeredPane,0,0,0x0,invalid,alignmentX=0.0,alignmentY=0.0,border=,flags=0,maximumSize=,minimumSize=,preferredSize=,optimizedDrawingPossible=true]; areBoundsValid = false
Mar 30, 2021 3:42:20 AM java.awt.Container mixOnShowing
FINE: this = javax.swing.JPanel[null.contentPane,0,0,0x0,invalid,layout=java.awt.BorderLayout,alignmentX=0.0,alignmentY=0.0,border=,flags=9,maximumSize=,minimumSize=,preferredSize=]
Mar 30, 2021 3:42:20 AM java.awt.Component isMixingNeeded
FINE: containing window = javax.swing.JDialog[dialog0,0,0,136x39,invalid,hidden,layout=java.awt.BorderLayout,APPLICATION_MODAL,title=Error,defaultCloseOperation=HIDE_ON_CLOSE,rootPane=javax.swing.JRootPane[,0,0,0x0,invalid,layout=javax.swing.JRootPane$RootLayout,alignmentX=0.0,alignmentY=0.0,border=,flags=16777673,maximumSize=,minimumSize=,preferredSize=],rootPaneCheckingEnabled=true]; has h/w descendants = false; has l/w descendants = true; disposing = false
Mar 30, 2021 3:42:20 AM java.awt.Container mixOnShowing
FINE: this = javax.swing.JOptionPane[,0,0,0x0,invalid,layout=javax.swing.BoxLayout,alignmentX=0.0,alignmentY=0.0,border=javax.swing.plaf.BorderUIResource$EmptyBorderUIResource@51016012,flags=392,maximumSize=,minimumSize=,preferredSize=,icon=,initialValue=,message=mts-launcher must be launched in the same directory as desktop-1.0.jar,messageType=PLAIN_MESSAGE,optionType=DEFAULT_OPTION,wantsInput=false]
Mar 30, 2021 3:42:20 AM java.awt.Component isMixingNeeded
FINE: this = javax.swing.JOptionPane[,0,0,0x0,invalid,layout=javax.swing.BoxLayout,alignmentX=0.0,alignmentY=0.0,border=javax.swing.plaf.BorderUIResource$EmptyBorderUIResource@51016012,flags=392,maximumSize=,minimumSize=,preferredSize=,icon=,initialValue=,message=mts-launcher must be launched in the same directory as desktop-1.0.jar,messageType=PLAIN_MESSAGE,optionType=DEFAULT_OPTION,wantsInput=false]; areBoundsValid = false
Mar 30, 2021 3:42:20 AM java.awt.Container mixOnShowing
FINE: this = javax.swing.JPanel[,0,0,0x0,invalid,layout=java.awt.BorderLayout,alignmentX=0.0,alignmentY=0.0,border=javax.swing.plaf.BorderUIResource$EmptyBorderUIResource@29444d75,flags=9,maximumSize=,minimumSize=,preferredSize=]
Mar 30, 2021 3:42:20 AM java.awt.Component isMixingNeeded
FINE: this = javax.swing.JPanel[,0,0,0x0,invalid,layout=java.awt.BorderLayout,alignmentX=0.0,alignmentY=0.0,border=javax.swing.plaf.BorderUIResource$EmptyBorderUIResource@29444d75,flags=9,maximumSize=,minimumSize=,preferredSize=]; areBoundsValid = false
Mar 30, 2021 3:42:20 AM java.awt.Container mixOnShowing
FINE: this = javax.swing.JPanel[OptionPane.realBody,0,0,0x0,invalid,layout=java.awt.BorderLayout,alignmentX=0.0,alignmentY=0.0,border=,flags=9,maximumSize=,minimumSize=,preferredSize=]
Mar 30, 2021 3:42:20 AM java.awt.Component isMixingNeeded
FINE: this = javax.swing.JPanel[OptionPane.realBody,0,0,0x0,invalid,layout=java.awt.BorderLayout,alignmentX=0.0,alignmentY=0.0,border=,flags=9,maximumSize=,minimumSize=,preferredSize=]; areBoundsValid = false
Mar 30, 2021 3:42:20 AM java.awt.Container mixOnShowing
FINE: this = javax.swing.JPanel[OptionPane.body,0,0,0x0,invalid,layout=java.awt.GridBagLayout,alignmentX=0.0,alignmentY=0.0,border=,flags=9,maximumSize=,minimumSize=,preferredSize=]
Mar 30, 2021 3:42:20 AM java.awt.Component isMixingNeeded
FINE: this = javax.swing.JPanel[OptionPane.body,0,0,0x0,invalid,layout=java.awt.GridBagLayout,alignmentX=0.0,alignmentY=0.0,border=,flags=9,maximumSize=,minimumSize=,preferredSize=]; areBoundsValid = false
Mar 30, 2021 3:42:20 AM java.awt.Container mixOnShowing
FINE: this = javax.swing.JLabel[OptionPane.label,0,0,0x0,invalid,alignmentX=0.0,alignmentY=0.0,border=,flags=8388608,maximumSize=,minimumSize=,preferredSize=,defaultIcon=,disabledIcon=,horizontalAlignment=LEADING,horizontalTextPosition=TRAILING,iconTextGap=4,labelFor=,text=mts-launcher must be launched in the same directory as desktop-1.0.jar,verticalAlignment=CENTER,verticalTextPosition=CENTER]
Mar 30, 2021 3:42:20 AM java.awt.Component isMixingNeeded
FINE: this = javax.swing.JLabel[OptionPane.label,0,0,0x0,invalid,alignmentX=0.0,alignmentY=0.0,border=,flags=8388608,maximumSize=,minimumSize=,preferredSize=,defaultIcon=,disabledIcon=,horizontalAlignment=LEADING,horizontalTextPosition=TRAILING,iconTextGap=4,labelFor=,text=mts-launcher must be launched in the same directory as desktop-1.0.jar,verticalAlignment=CENTER,verticalTextPosition=CENTER]; areBoundsValid = false
Mar 30, 2021 3:42:20 AM java.awt.Container mixOnShowing
FINE: this = javax.swing.JPanel[OptionPane.buttonArea,0,0,0x0,invalid,layout=javax.swing.plaf.basic.BasicOptionPaneUI$ButtonAreaLayout,alignmentX=0.0,alignmentY=0.0,border=javax.swing.plaf.BorderUIResource$EmptyBorderUIResource@2280cdac,flags=9,maximumSize=,minimumSize=,preferredSize=]
Mar 30, 2021 3:42:20 AM java.awt.Component isMixingNeeded
FINE: this = javax.swing.JPanel[OptionPane.buttonArea,0,0,0x0,invalid,layout=javax.swing.plaf.basic.BasicOptionPaneUI$ButtonAreaLayout,alignmentX=0.0,alignmentY=0.0,border=javax.swing.plaf.BorderUIResource$EmptyBorderUIResource@2280cdac,flags=9,maximumSize=,minimumSize=,preferredSize=]; areBoundsValid = false
Mar 30, 2021 3:42:20 AM java.awt.Container mixOnShowing
FINE: this = javax.swing.JButton[OptionPane.button,0,0,0x0,invalid,alignmentX=0.0,alignmentY=0.5,border=javax.swing.plaf.BorderUIResource$CompoundBorderUIResource@1517365b,flags=296,maximumSize=,minimumSize=,preferredSize=,defaultIcon=,disabledIcon=,disabledSelectedIcon=,margin=java.awt.Insets[top=2,left=8,bottom=2,right=8],paintBorder=true,paintFocus=true,pressedIcon=,rolloverEnabled=true,rolloverIcon=,rolloverSelectedIcon=,selectedIcon=,text=OK,defaultCapable=true]
Mar 30, 2021 3:42:20 AM java.awt.Component isMixingNeeded
FINE: this = javax.swing.JButton[OptionPane.button,0,0,0x0,invalid,alignmentX=0.0,alignmentY=0.5,border=javax.swing.plaf.BorderUIResource$CompoundBorderUIResource@1517365b,flags=296,maximumSize=,minimumSize=,preferredSize=,defaultIcon=,disabledIcon=,disabledSelectedIcon=,margin=java.awt.Insets[top=2,left=8,bottom=2,right=8],paintBorder=true,paintFocus=true,pressedIcon=,rolloverEnabled=true,rolloverIcon=,rolloverSelectedIcon=,selectedIcon=,text=OK,defaultCapable=true]; areBoundsValid = false
Mar 30, 2021 3:42:20 AM java.awt.Container mixOnReshaping
FINE: this = javax.swing.JRootPane[,8,31,428x90,invalid,layout=javax.swing.JRootPane$RootLayout,alignmentX=0.0,alignmentY=0.0,border=,flags=16777673,maximumSize=,minimumSize=,preferredSize=]
Mar 30, 2021 3:42:20 AM java.awt.Component isMixingNeeded
FINE: this = javax.swing.JRootPane[,8,31,428x90,invalid,layout=javax.swing.JRootPane$RootLayout,alignmentX=0.0,alignmentY=0.0,border=,flags=16777673,maximumSize=,minimumSize=,preferredSize=]; areBoundsValid = false
Mar 30, 2021 3:42:20 AM java.awt.Container mixOnReshaping
FINE: this = javax.swing.JLayeredPane[null.layeredPane,0,0,428x90,invalid,alignmentX=0.0,alignmentY=0.0,border=,flags=0,maximumSize=,minimumSize=,preferredSize=,optimizedDrawingPossible=true]
Mar 30, 2021 3:42:20 AM java.awt.Component isMixingNeeded
FINE: this = javax.swing.JLayeredPane[null.layeredPane,0,0,428x90,invalid,alignmentX=0.0,alignmentY=0.0,border=,flags=0,maximumSize=,minimumSize=,preferredSize=,optimizedDrawingPossible=true]; areBoundsValid = false
Mar 30, 2021 3:42:20 AM java.awt.Container mixOnReshaping
FINE: this = javax.swing.JPanel[null.glassPane,0,0,428x90,invalid,hidden,layout=java.awt.FlowLayout,alignmentX=0.0,alignmentY=0.0,border=,flags=16777217,maximumSize=,minimumSize=,preferredSize=]
Mar 30, 2021 3:42:20 AM java.awt.Component isMixingNeeded
FINE: this = javax.swing.JPanel[null.glassPane,0,0,428x90,invalid,hidden,layout=java.awt.FlowLayout,alignmentX=0.0,alignmentY=0.0,border=,flags=16777217,maximumSize=,minimumSize=,preferredSize=]; areBoundsValid = false
Mar 30, 2021 3:42:20 AM java.awt.Container mixOnReshaping
FINE: this = javax.swing.JPanel[null.contentPane,0,0,428x90,invalid,layout=java.awt.BorderLayout,alignmentX=0.0,alignmentY=0.0,border=,flags=9,maximumSize=,minimumSize=,preferredSize=]
Mar 30, 2021 3:42:20 AM java.awt.Component isMixingNeeded
FINE: containing window = javax.swing.JDialog[dialog0,0,0,444x129,invalid,hidden,layout=java.awt.BorderLayout,APPLICATION_MODAL,title=Error,defaultCloseOperation=HIDE_ON_CLOSE,rootPane=javax.swing.JRootPane[,8,31,428x90,invalid,layout=javax.swing.JRootPane$RootLayout,alignmentX=0.0,alignmentY=0.0,border=,flags=16777673,maximumSize=,minimumSize=,preferredSize=],rootPaneCheckingEnabled=true]; has h/w descendants = false; has l/w descendants = true; disposing = false
Mar 30, 2021 3:42:20 AM java.awt.Container mixOnValidating
FINE: this = javax.swing.JPanel[null.glassPane,0,0,428x90,hidden,layout=java.awt.FlowLayout,alignmentX=0.0,alignmentY=0.0,border=,flags=16777217,maximumSize=,minimumSize=,preferredSize=]
Mar 30, 2021 3:42:20 AM java.awt.Component isMixingNeeded
FINE: this = javax.swing.JPanel[null.glassPane,0,0,428x90,hidden,layout=java.awt.FlowLayout,alignmentX=0.0,alignmentY=0.0,border=,flags=16777217,maximumSize=,minimumSize=,preferredSize=]; areBoundsValid = false
Mar 30, 2021 3:42:20 AM java.awt.Container mixOnReshaping
FINE: this = javax.swing.JOptionPane[,0,0,428x90,invalid,layout=javax.swing.BoxLayout,alignmentX=0.0,alignmentY=0.0,border=javax.swing.plaf.BorderUIResource$EmptyBorderUIResource@51016012,flags=392,maximumSize=,minimumSize=,preferredSize=,icon=,initialValue=,message=mts-launcher must be launched in the same directory as desktop-1.0.jar,messageType=PLAIN_MESSAGE,optionType=DEFAULT_OPTION,wantsInput=false]
Mar 30, 2021 3:42:20 AM java.awt.Component isMixingNeeded
FINE: this = javax.swing.JOptionPane[,0,0,428x90,invalid,layout=javax.swing.BoxLayout,alignmentX=0.0,alignmentY=0.0,border=javax.swing.plaf.BorderUIResource$EmptyBorderUIResource@51016012,flags=392,maximumSize=,minimumSize=,preferredSize=,icon=,initialValue=,message=mts-launcher must be launched in the same directory as desktop-1.0.jar,messageType=PLAIN_MESSAGE,optionType=DEFAULT_OPTION,wantsInput=false]; areBoundsValid = false
Mar 30, 2021 3:42:20 AM java.awt.Container mixOnReshaping
FINE: this = javax.swing.JPanel[,10,10,408x35,invalid,layout=java.awt.BorderLayout,alignmentX=0.0,alignmentY=0.0,border=javax.swing.plaf.BorderUIResource$EmptyBorderUIResource@29444d75,flags=9,maximumSize=,minimumSize=,preferredSize=]
Mar 30, 2021 3:42:20 AM java.awt.Component isMixingNeeded
FINE: this = javax.swing.JPanel[,10,10,408x35,invalid,layout=java.awt.BorderLayout,alignmentX=0.0,alignmentY=0.0,border=javax.swing.plaf.BorderUIResource$EmptyBorderUIResource@29444d75,flags=9,maximumSize=,minimumSize=,preferredSize=]; areBoundsValid = false
Mar 30, 2021 3:42:20 AM java.awt.Container mixOnReshaping
FINE: this = javax.swing.JPanel[OptionPane.buttonArea,10,45,408x32,invalid,layout=javax.swing.plaf.basic.BasicOptionPaneUI$ButtonAreaLayout,alignmentX=0.0,alignmentY=0.0,border=javax.swing.plaf.BorderUIResource$EmptyBorderUIResource@2280cdac,flags=9,maximumSize=,minimumSize=,preferredSize=]
Mar 30, 2021 3:42:20 AM java.awt.Component isMixingNeeded
FINE: this = javax.swing.JPanel[OptionPane.buttonArea,10,45,408x32,invalid,layout=javax.swing.plaf.basic.BasicOptionPaneUI$ButtonAreaLayout,alignmentX=0.0,alignmentY=0.0,border=javax.swing.plaf.BorderUIResource$EmptyBorderUIResource@2280cdac,flags=9,maximumSize=,minimumSize=,preferredSize=]; areBoundsValid = false
Mar 30, 2021 3:42:20 AM java.awt.Container mixOnReshaping
FINE: this = javax.swing.JPanel[OptionPane.realBody,0,0,408x35,invalid,layout=java.awt.BorderLayout,alignmentX=0.0,alignmentY=0.0,border=,flags=9,maximumSize=,minimumSize=,preferredSize=]
Mar 30, 2021 3:42:20 AM java.awt.Component isMixingNeeded
FINE: this = javax.swing.JPanel[OptionPane.realBody,0,0,408x35,invalid,layout=java.awt.BorderLayout,alignmentX=0.0,alignmentY=0.0,border=,flags=9,maximumSize=,minimumSize=,preferredSize=]; areBoundsValid = false
Mar 30, 2021 3:42:20 AM java.awt.Container mixOnReshaping
FINE: this = javax.swing.JPanel[OptionPane.body,0,0,408x35,invalid,layout=java.awt.GridBagLayout,alignmentX=0.0,alignmentY=0.0,border=,flags=9,maximumSize=,minimumSize=,preferredSize=]
Mar 30, 2021 3:42:20 AM java.awt.Component isMixingNeeded
FINE: this = javax.swing.JPanel[OptionPane.body,0,0,408x35,invalid,layout=java.awt.GridBagLayout,alignmentX=0.0,alignmentY=0.0,border=,flags=9,maximumSize=,minimumSize=,preferredSize=]; areBoundsValid = false
Mar 30, 2021 3:42:20 AM java.awt.Container mixOnReshaping
FINE: this = javax.swing.JLabel[OptionPane.label,0,8,408x16,invalid,alignmentX=0.0,alignmentY=0.0,border=,flags=8388608,maximumSize=,minimumSize=,preferredSize=,defaultIcon=,disabledIcon=,horizontalAlignment=LEADING,horizontalTextPosition=TRAILING,iconTextGap=4,labelFor=,text=mts-launcher must be launched in the same directory as desktop-1.0.jar,verticalAlignment=CENTER,verticalTextPosition=CENTER]
Mar 30, 2021 3:42:20 AM java.awt.Component isMixingNeeded
FINE: this = javax.swing.JLabel[OptionPane.label,0,8,408x16,invalid,alignmentX=0.0,alignmentY=0.0,border=,flags=8388608,maximumSize=,minimumSize=,preferredSize=,defaultIcon=,disabledIcon=,horizontalAlignment=LEADING,horizontalTextPosition=TRAILING,iconTextGap=4,labelFor=,text=mts-launcher must be launched in the same directory as desktop-1.0.jar,verticalAlignment=CENTER,verticalTextPosition=CENTER]; areBoundsValid = false
Mar 30, 2021 3:42:20 AM java.awt.Container mixOnValidating
FINE: this = javax.swing.JLabel[OptionPane.label,0,8,408x16,alignmentX=0.0,alignmentY=0.0,border=,flags=8388608,maximumSize=,minimumSize=,preferredSize=,defaultIcon=,disabledIcon=,horizontalAlignment=LEADING,horizontalTextPosition=TRAILING,iconTextGap=4,labelFor=,text=mts-launcher must be launched in the same directory as desktop-1.0.jar,verticalAlignment=CENTER,verticalTextPosition=CENTER]
Mar 30, 2021 3:42:20 AM java.awt.Component isMixingNeeded
FINE: this = javax.swing.JLabel[OptionPane.label,0,8,408x16,alignmentX=0.0,alignmentY=0.0,border=,flags=8388608,maximumSize=,minimumSize=,preferredSize=,defaultIcon=,disabledIcon=,horizontalAlignment=LEADING,horizontalTextPosition=TRAILING,iconTextGap=4,labelFor=,text=mts-launcher must be launched in the same directory as desktop-1.0.jar,verticalAlignment=CENTER,verticalTextPosition=CENTER]; areBoundsValid = false
Mar 30, 2021 3:42:20 AM java.awt.Container mixOnValidating
FINE: this = javax.swing.JPanel[OptionPane.body,0,0,408x35,layout=java.awt.GridBagLayout,alignmentX=0.0,alignmentY=0.0,border=,flags=9,maximumSize=,minimumSize=,preferredSize=]
Mar 30, 2021 3:42:20 AM java.awt.Component isMixingNeeded
FINE: this = javax.swing.JPanel[OptionPane.body,0,0,408x35,layout=java.awt.GridBagLayout,alignmentX=0.0,alignmentY=0.0,border=,flags=9,maximumSize=,minimumSize=,preferredSize=]; areBoundsValid = false
Mar 30, 2021 3:42:20 AM java.awt.Container mixOnValidating
FINE: this = javax.swing.JPanel[OptionPane.realBody,0,0,408x35,layout=java.awt.BorderLayout,alignmentX=0.0,alignmentY=0.0,border=,flags=9,maximumSize=,minimumSize=,preferredSize=]
Mar 30, 2021 3:42:20 AM java.awt.Component isMixingNeeded
FINE: this = javax.swing.JPanel[OptionPane.realBody,0,0,408x35,layout=java.awt.BorderLayout,alignmentX=0.0,alignmentY=0.0,border=,flags=9,maximumSize=,minimumSize=,preferredSize=]; areBoundsValid = false
Mar 30, 2021 3:42:20 AM java.awt.Container mixOnValidating
FINE: this = javax.swing.JPanel[,10,10,408x35,layout=java.awt.BorderLayout,alignmentX=0.0,alignmentY=0.0,border=javax.swing.plaf.BorderUIResource$EmptyBorderUIResource@29444d75,flags=9,maximumSize=,minimumSize=,preferredSize=]
Mar 30, 2021 3:42:20 AM java.awt.Component isMixingNeeded
FINE: this = javax.swing.JPanel[,10,10,408x35,layout=java.awt.BorderLayout,alignmentX=0.0,alignmentY=0.0,border=javax.swing.plaf.BorderUIResource$EmptyBorderUIResource@29444d75,flags=9,maximumSize=,minimumSize=,preferredSize=]; areBoundsValid = false
Mar 30, 2021 3:42:20 AM java.awt.Container mixOnReshaping
FINE: this = javax.swing.JButton[OptionPane.button,184,6,39x26,invalid,alignmentX=0.0,alignmentY=0.5,border=javax.swing.plaf.BorderUIResource$CompoundBorderUIResource@1517365b,flags=296,maximumSize=,minimumSize=,preferredSize=,defaultIcon=,disabledIcon=,disabledSelectedIcon=,margin=java.awt.Insets[top=2,left=8,bottom=2,right=8],paintBorder=true,paintFocus=true,pressedIcon=,rolloverEnabled=true,rolloverIcon=,rolloverSelectedIcon=,selectedIcon=,text=OK,defaultCapable=true]
Mar 30, 2021 3:42:20 AM java.awt.Component isMixingNeeded
FINE: this = javax.swing.JButton[OptionPane.button,184,6,39x26,invalid,alignmentX=0.0,alignmentY=0.5,border=javax.swing.plaf.BorderUIResource$CompoundBorderUIResource@1517365b,flags=296,maximumSize=,minimumSize=,preferredSize=,defaultIcon=,disabledIcon=,disabledSelectedIcon=,margin=java.awt.Insets[top=2,left=8,bottom=2,right=8],paintBorder=true,paintFocus=true,pressedIcon=,rolloverEnabled=true,rolloverIcon=,rolloverSelectedIcon=,selectedIcon=,text=OK,defaultCapable=true]; areBoundsValid = false
Mar 30, 2021 3:42:20 AM java.awt.Container mixOnValidating
FINE: this = javax.swing.JButton[OptionPane.button,184,6,39x26,alignmentX=0.0,alignmentY=0.5,border=javax.swing.plaf.BorderUIResource$CompoundBorderUIResource@1517365b,flags=296,maximumSize=,minimumSize=,preferredSize=,defaultIcon=,disabledIcon=,disabledSelectedIcon=,margin=java.awt.Insets[top=2,left=8,bottom=2,right=8],paintBorder=true,paintFocus=true,pressedIcon=,rolloverEnabled=true,rolloverIcon=,rolloverSelectedIcon=,selectedIcon=,text=OK,defaultCapable=true]
Mar 30, 2021 3:42:20 AM java.awt.Component isMixingNeeded
FINE: this = javax.swing.JButton[OptionPane.button,184,6,39x26,alignmentX=0.0,alignmentY=0.5,border=javax.swing.plaf.BorderUIResource$CompoundBorderUIResource@1517365b,flags=296,maximumSize=,minimumSize=,preferredSize=,defaultIcon=,disabledIcon=,disabledSelectedIcon=,margin=java.awt.Insets[top=2,left=8,bottom=2,right=8],paintBorder=true,paintFocus=true,pressedIcon=,rolloverEnabled=true,rolloverIcon=,rolloverSelectedIcon=,selectedIcon=,text=OK,defaultCapable=true]; areBoundsValid = false
Mar 30, 2021 3:42:20 AM java.awt.Container mixOnValidating
FINE: this = javax.swing.JPanel[OptionPane.buttonArea,10,45,408x32,layout=javax.swing.plaf.basic.BasicOptionPaneUI$ButtonAreaLayout,alignmentX=0.0,alignmentY=0.0,border=javax.swing.plaf.BorderUIResource$EmptyBorderUIResource@2280cdac,flags=9,maximumSize=,minimumSize=,preferredSize=]
Mar 30, 2021 3:42:20 AM java.awt.Component isMixingNeeded
FINE: this = javax.swing.JPanel[OptionPane.buttonArea,10,45,408x32,layout=javax.swing.plaf.basic.BasicOptionPaneUI$ButtonAreaLayout,alignmentX=0.0,alignmentY=0.0,border=javax.swing.plaf.BorderUIResource$EmptyBorderUIResource@2280cdac,flags=9,maximumSize=,minimumSize=,preferredSize=]; areBoundsValid = false
Mar 30, 2021 3:42:20 AM java.awt.Container mixOnValidating
FINE: this = javax.swing.JOptionPane[,0,0,428x90,layout=javax.swing.BoxLayout,alignmentX=0.0,alignmentY=0.0,border=javax.swing.plaf.BorderUIResource$EmptyBorderUIResource@51016012,flags=392,maximumSize=,minimumSize=,preferredSize=,icon=,initialValue=,message=mts-launcher must be launched in the same directory as desktop-1.0.jar,messageType=PLAIN_MESSAGE,optionType=DEFAULT_OPTION,wantsInput=false]
Mar 30, 2021 3:42:20 AM java.awt.Component isMixingNeeded
FINE: this = javax.swing.JOptionPane[,0,0,428x90,layout=javax.swing.BoxLayout,alignmentX=0.0,alignmentY=0.0,border=javax.swing.plaf.BorderUIResource$EmptyBorderUIResource@51016012,flags=392,maximumSize=,minimumSize=,preferredSize=,icon=,initialValue=,message=mts-launcher must be launched in the same directory as desktop-1.0.jar,messageType=PLAIN_MESSAGE,optionType=DEFAULT_OPTION,wantsInput=false]; areBoundsValid = false
Mar 30, 2021 3:42:20 AM java.awt.Container mixOnValidating
FINE: this = javax.swing.JPanel[null.contentPane,0,0,428x90,layout=java.awt.BorderLayout,alignmentX=0.0,alignmentY=0.0,border=,flags=9,maximumSize=,minimumSize=,preferredSize=]
Mar 30, 2021 3:42:20 AM java.awt.Component isMixingNeeded
FINE: containing window = javax.swing.JDialog[dialog0,0,0,444x129,invalid,hidden,layout=java.awt.BorderLayout,APPLICATION_MODAL,title=Error,defaultCloseOperation=HIDE_ON_CLOSE,rootPane=javax.swing.JRootPane[,8,31,428x90,invalid,layout=javax.swing.JRootPane$RootLayout,alignmentX=0.0,alignmentY=0.0,border=,flags=16777673,maximumSize=,minimumSize=,preferredSize=],rootPaneCheckingEnabled=true]; has h/w descendants = false; has l/w descendants = true; disposing = false
Mar 30, 2021 3:42:20 AM java.awt.Container mixOnValidating
FINE: this = javax.swing.JLayeredPane[null.layeredPane,0,0,428x90,alignmentX=0.0,alignmentY=0.0,border=,flags=0,maximumSize=,minimumSize=,preferredSize=,optimizedDrawingPossible=true]
Mar 30, 2021 3:42:20 AM java.awt.Component isMixingNeeded
FINE: this = javax.swing.JLayeredPane[null.layeredPane,0,0,428x90,alignmentX=0.0,alignmentY=0.0,border=,flags=0,maximumSize=,minimumSize=,preferredSize=,optimizedDrawingPossible=true]; areBoundsValid = false
Mar 30, 2021 3:42:20 AM java.awt.Container mixOnValidating
FINE: this = javax.swing.JRootPane[,8,31,428x90,layout=javax.swing.JRootPane$RootLayout,alignmentX=0.0,alignmentY=0.0,border=,flags=16777673,maximumSize=,minimumSize=,preferredSize=]
Mar 30, 2021 3:42:20 AM java.awt.Component isMixingNeeded
FINE: this = javax.swing.JRootPane[,8,31,428x90,layout=javax.swing.JRootPane$RootLayout,alignmentX=0.0,alignmentY=0.0,border=,flags=16777673,maximumSize=,minimumSize=,preferredSize=]; areBoundsValid = false
Mar 30, 2021 3:42:20 AM java.awt.Container mixOnValidating
FINE: this = javax.swing.JDialog[dialog0,0,0,444x129,hidden,layout=java.awt.BorderLayout,APPLICATION_MODAL,title=Error,defaultCloseOperation=HIDE_ON_CLOSE,rootPane=javax.swing.JRootPane[,8,31,428x90,layout=javax.swing.JRootPane$RootLayout,alignmentX=0.0,alignmentY=0.0,border=,flags=16777673,maximumSize=,minimumSize=,preferredSize=],rootPaneCheckingEnabled=true]
Mar 30, 2021 3:42:20 AM java.awt.Component isMixingNeeded
FINE: containing window = javax.swing.JDialog[dialog0,0,0,444x129,hidden,layout=java.awt.BorderLayout,APPLICATION_MODAL,title=Error,defaultCloseOperation=HIDE_ON_CLOSE,rootPane=javax.swing.JRootPane[,8,31,428x90,layout=javax.swing.JRootPane$RootLayout,alignmentX=0.0,alignmentY=0.0,border=,flags=16777673,maximumSize=,minimumSize=,preferredSize=],rootPaneCheckingEnabled=true]; has h/w descendants = false; has l/w descendants = true; disposing = false
Mar 30, 2021 3:42:20 AM java.awt.Container mixOnValidating
FINE: this = javax.swing.JDialog[dialog0,738,456,444x129,hidden,layout=java.awt.BorderLayout,APPLICATION_MODAL,title=Error,defaultCloseOperation=HIDE_ON_CLOSE,rootPane=javax.swing.JRootPane[,8,31,428x90,layout=javax.swing.JRootPane$RootLayout,alignmentX=0.0,alignmentY=0.0,border=,flags=16777673,maximumSize=,minimumSize=,preferredSize=],rootPaneCheckingEnabled=true]
Mar 30, 2021 3:42:20 AM java.awt.Component isMixingNeeded
FINE: containing window = javax.swing.JDialog[dialog0,738,456,444x129,hidden,layout=java.awt.BorderLayout,APPLICATION_MODAL,title=Error,defaultCloseOperation=HIDE_ON_CLOSE,rootPane=javax.swing.JRootPane[,8,31,428x90,layout=javax.swing.JRootPane$RootLayout,alignmentX=0.0,alignmentY=0.0,border=,flags=16777673,maximumSize=,minimumSize=,preferredSize=],rootPaneCheckingEnabled=true]; has h/w descendants = false; has l/w descendants = true; disposing = false
Mar 30, 2021 3:42:20 AM java.awt.Container mixOnValidating
FINE: this = javax.swing.JDialog[dialog0,738,456,444x129,hidden,layout=java.awt.BorderLayout,APPLICATION_MODAL,title=Error,defaultCloseOperation=HIDE_ON_CLOSE,rootPane=javax.swing.JRootPane[,8,31,428x90,layout=javax.swing.JRootPane$RootLayout,alignmentX=0.0,alignmentY=0.0,border=,flags=16777673,maximumSize=,minimumSize=,preferredSize=],rootPaneCheckingEnabled=true]
Mar 30, 2021 3:42:20 AM java.awt.Component isMixingNeeded
FINE: containing window = javax.swing.JDialog[dialog0,738,456,444x129,hidden,layout=java.awt.BorderLayout,APPLICATION_MODAL,title=Error,defaultCloseOperation=HIDE_ON_CLOSE,rootPane=javax.swing.JRootPane[,8,31,428x90,layout=javax.swing.JRootPane$RootLayout,alignmentX=0.0,alignmentY=0.0,border=,flags=16777673,maximumSize=,minimumSize=,preferredSize=],rootPaneCheckingEnabled=true]; has h/w descendants = false; has l/w descendants = true; disposing = false
Mar 30, 2021 3:42:20 AM java.awt.DefaultKeyboardFocusManager enqueueKeyEvents
FINER: Enqueue at 1617036139819 for javax.swing.JButton[OptionPane.button,184,6,39x26,alignmentX=0.0,alignmentY=0.5,border=javax.swing.plaf.BorderUIResource$CompoundBorderUIResource@1517365b,flags=296,maximumSize=,minimumSize=,preferredSize=,defaultIcon=,disabledIcon=,disabledSelectedIcon=,margin=java.awt.Insets[top=2,left=8,bottom=2,right=8],paintBorder=true,paintFocus=true,pressedIcon=,rolloverEnabled=true,rolloverIcon=,rolloverSelectedIcon=,selectedIcon=,text=OK,defaultCapable=true]
Mar 30, 2021 3:42:20 AM java.awt.Container mixOnShowing
FINE: this = javax.swing.JDialog[dialog0,738,456,444x129,layout=java.awt.BorderLayout,APPLICATION_MODAL,title=Error,defaultCloseOperation=HIDE_ON_CLOSE,rootPane=javax.swing.JRootPane[,8,31,428x90,layout=javax.swing.JRootPane$RootLayout,alignmentX=0.0,alignmentY=0.0,border=,flags=16777673,maximumSize=,minimumSize=,preferredSize=],rootPaneCheckingEnabled=true]
Mar 30, 2021 3:42:20 AM java.awt.Component isMixingNeeded
FINE: containing window = javax.swing.JDialog[dialog0,738,456,444x129,layout=java.awt.BorderLayout,APPLICATION_MODAL,title=Error,defaultCloseOperation=HIDE_ON_CLOSE,rootPane=javax.swing.JRootPane[,8,31,428x90,layout=javax.swing.JRootPane$RootLayout,alignmentX=0.0,alignmentY=0.0,border=,flags=16777673,maximumSize=,minimumSize=,preferredSize=],rootPaneCheckingEnabled=true]; has h/w descendants = false; has l/w descendants = true; disposing = false
Mar 30, 2021 3:42:20 AM sun.awt.windows.WWindowPeer updateGC
FINER: Screen number: 0
Mar 30, 2021 3:42:20 AM java.awt.Window setGraphicsConfiguration
FINER: + Window.setGraphicsConfiguration(): new GC is 
+ D3DGraphicsConfig[dev=D3DGraphicsDevice[screen=0],pixfmt=0]
+ this is javax.swing.JDialog[dialog0,738,456,444x129,layout=java.awt.BorderLayout,APPLICATION_MODAL,title=Error,defaultCloseOperation=HIDE_ON_CLOSE,rootPane=javax.swing.JRootPane[,8,31,428x90,layout=javax.swing.JRootPane$RootLayout,alignmentX=0.0,alignmentY=0.0,border=,flags=16777673,maximumSize=,minimumSize=,preferredSize=],rootPaneCheckingEnabled=true]
Mar 30, 2021 3:42:20 AM java.awt.WaitDispatchSupport enter
FINE: enter(): blockingEDT=false, blockingCT=false
Mar 30, 2021 3:42:20 AM sun.awt.SunGraphicsCallback runComponents
FINER: x = 0, y = 0, width = 444, height = 129
Mar 30, 2021 3:42:20 AM sun.awt.SunDisplayChanger add
FINER: Adding listener: D3DGraphicsConfig[dev=D3DGraphicsDevice[screen=1],pixfmt=0]
Mar 30, 2021 3:42:20 AM sun.awt.SunDisplayChanger add
FINER: Adding listener: sun.java2d.d3d.D3DVolatileSurfaceManager@65a4153a
Mar 30, 2021 3:42:20 AM sun.awt.SunDisplayChanger add
FINER: Adding listener: sun.java2d.d3d.D3DVolatileSurfaceManager@752ee720
Mar 30, 2021 3:42:20 AM java.awt.WaitDispatchSupport$2 run
FINE: Starting a new event pump
Mar 30, 2021 3:42:20 AM java.awt.KeyboardFocusManager retargetFocusEvent
FINER: >>> sun.awt.TimedWindowEvent[WINDOW_GAINED_FOCUS,opposite=null,oldState=0,newState=0] on dialog0
Mar 30, 2021 3:42:20 AM java.awt.DefaultKeyboardFocusManager dispatchEvent
FINE: sun.awt.TimedWindowEvent[WINDOW_GAINED_FOCUS,opposite=null,oldState=0,newState=0] on dialog0
Mar 30, 2021 3:42:20 AM java.awt.KeyboardFocusManager retargetFocusEvent
FINER: >>> java.awt.event.WindowEvent[WINDOW_ACTIVATED,opposite=null,oldState=0,newState=0] on dialog0
Mar 30, 2021 3:42:20 AM java.awt.DefaultKeyboardFocusManager dispatchEvent
FINE: java.awt.event.WindowEvent[WINDOW_ACTIVATED,opposite=null,oldState=0,newState=0] on dialog0
Mar 30, 2021 3:42:20 AM java.awt.KeyboardFocusManager setGlobalActiveWindow
FINER: Setting global active window to javax.swing.JDialog[dialog0,738,456,444x129,layout=java.awt.BorderLayout,APPLICATION_MODAL,title=Error,defaultCloseOperation=HIDE_ON_CLOSE,rootPane=javax.swing.JRootPane[,8,31,428x90,layout=javax.swing.JRootPane$RootLayout,alignmentX=0.0,alignmentY=0.0,border=,flags=16777673,maximumSize=,minimumSize=,preferredSize=],rootPaneCheckingEnabled=true], old active null
Mar 30, 2021 3:42:20 AM java.awt.DefaultKeyboardFocusManager dispatchEvent
FINER: tempLost null, toFocus javax.swing.JButton[OptionPane.button,184,6,39x26,alignmentX=0.0,alignmentY=0.5,border=javax.swing.plaf.BorderUIResource$CompoundBorderUIResource@1517365b,flags=296,maximumSize=,minimumSize=,preferredSize=,defaultIcon=,disabledIcon=,disabledSelectedIcon=,margin=java.awt.Insets[top=2,left=8,bottom=2,right=8],paintBorder=true,paintFocus=true,pressedIcon=,rolloverEnabled=true,rolloverIcon=,rolloverSelectedIcon=,selectedIcon=,text=OK,defaultCapable=true]
Mar 30, 2021 3:42:20 AM java.awt.KeyboardFocusManager shouldNativelyFocusHeavyweight
FINER: SNFH for javax.swing.JButton[OptionPane.button,184,6,39x26,alignmentX=0.0,alignmentY=0.5,border=javax.swing.plaf.BorderUIResource$CompoundBorderUIResource@1517365b,flags=296,maximumSize=,minimumSize=,preferredSize=,defaultIcon=,disabledIcon=,disabledSelectedIcon=,margin=java.awt.Insets[top=2,left=8,bottom=2,right=8],paintBorder=true,paintFocus=true,pressedIcon=,rolloverEnabled=true,rolloverIcon=,rolloverSelectedIcon=,selectedIcon=,text=OK,defaultCapable=true] in javax.swing.JDialog[dialog0,738,456,444x129,layout=java.awt.BorderLayout,APPLICATION_MODAL,title=Error,defaultCloseOperation=HIDE_ON_CLOSE,rootPane=javax.swing.JRootPane[,8,31,428x90,layout=javax.swing.JRootPane$RootLayout,alignmentX=0.0,alignmentY=0.0,border=,flags=16777673,maximumSize=,minimumSize=,preferredSize=],rootPaneCheckingEnabled=true]
Mar 30, 2021 3:42:20 AM java.awt.DefaultKeyboardFocusManager enqueueKeyEvents
FINER: Enqueue at 1617036139819 for javax.swing.JButton[OptionPane.button,184,6,39x26,alignmentX=0.0,alignmentY=0.5,border=javax.swing.plaf.BorderUIResource$CompoundBorderUIResource@1517365b,flags=296,maximumSize=,minimumSize=,preferredSize=,defaultIcon=,disabledIcon=,disabledSelectedIcon=,margin=java.awt.Insets[top=2,left=8,bottom=2,right=8],paintBorder=true,paintFocus=true,pressedIcon=,rolloverEnabled=true,rolloverIcon=,rolloverSelectedIcon=,selectedIcon=,text=OK,defaultCapable=true]
Mar 30, 2021 3:42:20 AM sun.awt.windows.WComponentPeer requestFocus
FINER: Proceeding with request to javax.swing.JButton[OptionPane.button,184,6,39x26,alignmentX=0.0,alignmentY=0.5,border=javax.swing.plaf.BorderUIResource$CompoundBorderUIResource@1517365b,flags=296,maximumSize=,minimumSize=,preferredSize=,defaultIcon=,disabledIcon=,disabledSelectedIcon=,margin=java.awt.Insets[top=2,left=8,bottom=2,right=8],paintBorder=true,paintFocus=true,pressedIcon=,rolloverEnabled=true,rolloverIcon=,rolloverSelectedIcon=,selectedIcon=,text=OK,defaultCapable=true] in javax.swing.JDialog[dialog0,738,456,444x129,layout=java.awt.BorderLayout,APPLICATION_MODAL,title=Error,defaultCloseOperation=HIDE_ON_CLOSE,rootPane=javax.swing.JRootPane[,8,31,428x90,layout=javax.swing.JRootPane$RootLayout,alignmentX=0.0,alignmentY=0.0,border=,flags=16777673,maximumSize=,minimumSize=,preferredSize=],rootPaneCheckingEnabled=true]
Mar 30, 2021 3:42:20 AM sun.awt.windows.WComponentPeer requestFocus
FINER: Requested window focus: true
Mar 30, 2021 3:42:20 AM sun.awt.KeyboardFocusManagerPeerImpl deliverFocus
FINER: Posting focus event: java.awt.FocusEvent[FOCUS_GAINED,permanent,opposite=null,cause=ACTIVATION] on javax.swing.JButton[OptionPane.button,184,6,39x26,alignmentX=0.0,alignmentY=0.5,border=javax.swing.plaf.BorderUIResource$CompoundBorderUIResource@1517365b,flags=296,maximumSize=,minimumSize=,preferredSize=,defaultIcon=,disabledIcon=,disabledSelectedIcon=,margin=java.awt.Insets[top=2,left=8,bottom=2,right=8],paintBorder=true,paintFocus=true,pressedIcon=,rolloverEnabled=true,rolloverIcon=,rolloverSelectedIcon=,selectedIcon=,text=OK,defaultCapable=true]
Mar 30, 2021 3:42:20 AM java.awt.KeyboardFocusManager shouldNativelyFocusHeavyweight
FINER: SNFH for javax.swing.JButton[OptionPane.button,184,6,39x26,alignmentX=0.0,alignmentY=0.5,border=javax.swing.plaf.BorderUIResource$CompoundBorderUIResource@1517365b,flags=296,maximumSize=,minimumSize=,preferredSize=,defaultIcon=,disabledIcon=,disabledSelectedIcon=,margin=java.awt.Insets[top=2,left=8,bottom=2,right=8],paintBorder=true,paintFocus=true,pressedIcon=,rolloverEnabled=true,rolloverIcon=,rolloverSelectedIcon=,selectedIcon=,text=OK,defaultCapable=true] in javax.swing.JDialog[dialog0,738,456,444x129,layout=java.awt.BorderLayout,APPLICATION_MODAL,title=Error,defaultCloseOperation=HIDE_ON_CLOSE,rootPane=javax.swing.JRootPane[,8,31,428x90,layout=javax.swing.JRootPane$RootLayout,alignmentX=0.0,alignmentY=0.0,border=,flags=16777673,maximumSize=,minimumSize=,preferredSize=],rootPaneCheckingEnabled=true]
Mar 30, 2021 3:42:20 AM java.awt.KeyboardFocusManager retargetFocusEvent
FINER: >>> java.awt.event.WindowEvent[WINDOW_OPENED,opposite=null,oldState=0,newState=0] on dialog0
Mar 30, 2021 3:42:20 AM java.awt.DefaultKeyboardFocusManager dispatchEvent
FINE: java.awt.event.WindowEvent[WINDOW_OPENED,opposite=null,oldState=0,newState=0] on dialog0
Mar 30, 2021 3:42:20 AM sun.awt.SunGraphicsCallback runComponents
FINER: x = 0, y = 0, width = 444, height = 129
Mar 30, 2021 3:42:20 AM java.awt.KeyboardFocusManager retargetFocusEvent
FINER: >>> java.awt.FocusEvent[FOCUS_GAINED,permanent,opposite=null,cause=ACTIVATION] on javax.swing.JButton[OptionPane.button,184,6,39x26,alignmentX=0.0,alignmentY=0.5,border=javax.swing.plaf.BorderUIResource$CompoundBorderUIResource@1517365b,flags=296,maximumSize=,minimumSize=,preferredSize=,defaultIcon=,disabledIcon=,disabledSelectedIcon=,margin=java.awt.Insets[top=2,left=8,bottom=2,right=8],paintBorder=true,paintFocus=true,pressedIcon=,rolloverEnabled=true,rolloverIcon=,rolloverSelectedIcon=,selectedIcon=,text=OK,defaultCapable=true]
Mar 30, 2021 3:42:20 AM java.awt.DefaultKeyboardFocusManager dispatchEvent
FINE: java.awt.FocusEvent[FOCUS_GAINED,permanent,opposite=null,cause=ACTIVATION] on javax.swing.JButton[OptionPane.button,184,6,39x26,alignmentX=0.0,alignmentY=0.5,border=javax.swing.plaf.BorderUIResource$CompoundBorderUIResource@1517365b,flags=296,maximumSize=,minimumSize=,preferredSize=,defaultIcon=,disabledIcon=,disabledSelectedIcon=,margin=java.awt.Insets[top=2,left=8,bottom=2,right=8],paintBorder=true,paintFocus=true,pressedIcon=,rolloverEnabled=true,rolloverIcon=,rolloverSelectedIcon=,selectedIcon=,text=OK,defaultCapable=true]
Mar 30, 2021 3:42:20 AM sun.awt.im.InputContext activateInputMethod
FINE: Current client component javax.swing.JButton[OptionPane.button,184,6,39x26,alignmentX=0.0,alignmentY=0.5,border=javax.swing.plaf.BorderUIResource$CompoundBorderUIResource@1517365b,flags=296,maximumSize=,minimumSize=,preferredSize=,defaultIcon=,disabledIcon=,disabledSelectedIcon=,margin=java.awt.Insets[top=2,left=8,bottom=2,right=8],paintBorder=true,paintFocus=true,pressedIcon=,rolloverEnabled=true,rolloverIcon=,rolloverSelectedIcon=,selectedIcon=,text=OK,defaultCapable=true]
Mar 30, 2021 3:42:20 AM sun.awt.windows.WComponentPeer handleJavaFocusEvent
FINER: java.awt.FocusEvent[FOCUS_GAINED,permanent,opposite=null,cause=ACTIVATION] on javax.swing.JButton[OptionPane.button,184,6,39x26,alignmentX=0.0,alignmentY=0.5,border=javax.swing.plaf.BorderUIResource$CompoundBorderUIResource@1517365b,flags=296,maximumSize=,minimumSize=,preferredSize=,defaultIcon=,disabledIcon=,disabledSelectedIcon=,margin=java.awt.Insets[top=2,left=8,bottom=2,right=8],paintBorder=true,paintFocus=true,pressedIcon=,rolloverEnabled=true,rolloverIcon=,rolloverSelectedIcon=,selectedIcon=,text=OK,defaultCapable=true]
Mar 30, 2021 3:42:22 AM java.awt.Container mixOnHiding
FINE: this = javax.swing.JDialog[dialog0,738,456,444x129,hidden,layout=java.awt.BorderLayout,APPLICATION_MODAL,title=Error,defaultCloseOperation=HIDE_ON_CLOSE,rootPane=javax.swing.JRootPane[,8,31,428x90,layout=javax.swing.JRootPane$RootLayout,alignmentX=0.0,alignmentY=0.0,border=,flags=16777673,maximumSize=,minimumSize=,preferredSize=],rootPaneCheckingEnabled=true]; isLightweight=false
Mar 30, 2021 3:42:22 AM java.awt.Component mixOnHiding
FINE: this = javax.swing.JDialog[dialog0,738,456,444x129,hidden,layout=java.awt.BorderLayout,APPLICATION_MODAL,title=Error,defaultCloseOperation=HIDE_ON_CLOSE,rootPane=javax.swing.JRootPane[,8,31,428x90,layout=javax.swing.JRootPane$RootLayout,alignmentX=0.0,alignmentY=0.0,border=,flags=16777673,maximumSize=,minimumSize=,preferredSize=],rootPaneCheckingEnabled=true]; isLightweight = false
Mar 30, 2021 3:42:22 AM java.awt.Component isMixingNeeded
FINE: containing window = javax.swing.JDialog[dialog0,738,456,444x129,hidden,layout=java.awt.BorderLayout,APPLICATION_MODAL,title=Error,defaultCloseOperation=HIDE_ON_CLOSE,rootPane=javax.swing.JRootPane[,8,31,428x90,layout=javax.swing.JRootPane$RootLayout,alignmentX=0.0,alignmentY=0.0,border=,flags=16777673,maximumSize=,minimumSize=,preferredSize=],rootPaneCheckingEnabled=true]; has h/w descendants = false; has l/w descendants = true; disposing = false
Mar 30, 2021 3:42:22 AM java.awt.Component transferFocus
FINER: clearOnFailure = true
Mar 30, 2021 3:42:22 AM java.awt.Component getNextFocusCandidate
FINER: comp = javax.swing.JDialog[dialog0,738,456,444x129,hidden,layout=java.awt.BorderLayout,APPLICATION_MODAL,title=Error,defaultCloseOperation=HIDE_ON_CLOSE,rootPane=javax.swing.JRootPane[,8,31,428x90,layout=javax.swing.JRootPane$RootLayout,alignmentX=0.0,alignmentY=0.0,border=,flags=16777673,maximumSize=,minimumSize=,preferredSize=],rootPaneCheckingEnabled=true], root = null
Mar 30, 2021 3:42:22 AM java.awt.Component getNextFocusCandidate
FINER: Focus transfer candidate: null
Mar 30, 2021 3:42:22 AM java.awt.Component transferFocus
FINER: clear global focus owner
Mar 30, 2021 3:42:22 AM sun.awt.KeyboardFocusManagerPeerImpl clearGlobalFocusOwner
FINE: Clearing global focus owner javax.swing.JButton[OptionPane.button,184,6,39x26,alignmentX=0.0,alignmentY=0.5,border=javax.swing.plaf.BorderUIResource$CompoundBorderUIResource@1517365b,flags=296,maximumSize=,minimumSize=,preferredSize=,defaultIcon=,disabledIcon=,disabledSelectedIcon=,margin=java.awt.Insets[top=2,left=8,bottom=2,right=8],paintBorder=true,paintFocus=true,pressedIcon=,rolloverEnabled=true,rolloverIcon=,rolloverSelectedIcon=,selectedIcon=,text=OK,defaultCapable=true]
Mar 30, 2021 3:42:22 AM java.awt.Component transferFocus
FINER: returning result: false
Mar 30, 2021 3:42:22 AM java.awt.WaitDispatchSupport exit
FINE: exit(): blockingEDT=true, blockingCT=true
Mar 30, 2021 3:42:22 AM java.awt.KeyboardFocusManager retargetFocusEvent
FINER: >>> java.awt.FocusEvent[FOCUS_LOST,permanent,opposite=null,cause=CLEAR_GLOBAL_FOCUS_OWNER] on javax.swing.JButton[OptionPane.button,184,6,39x26,alignmentX=0.0,alignmentY=0.5,border=javax.swing.plaf.BorderUIResource$CompoundBorderUIResource@1517365b,flags=296,maximumSize=,minimumSize=,preferredSize=,defaultIcon=,disabledIcon=,disabledSelectedIcon=,margin=java.awt.Insets[top=2,left=8,bottom=2,right=8],paintBorder=true,paintFocus=true,pressedIcon=,rolloverEnabled=true,rolloverIcon=,rolloverSelectedIcon=,selectedIcon=,text=OK,defaultCapable=true]
Mar 30, 2021 3:42:22 AM java.awt.DefaultKeyboardFocusManager dispatchEvent
FINE: java.awt.FocusEvent[FOCUS_LOST,permanent,opposite=null,cause=CLEAR_GLOBAL_FOCUS_OWNER] on javax.swing.JButton[OptionPane.button,184,6,39x26,alignmentX=0.0,alignmentY=0.5,border=javax.swing.plaf.BorderUIResource$CompoundBorderUIResource@1517365b,flags=296,maximumSize=,minimumSize=,preferredSize=,defaultIcon=,disabledIcon=,disabledSelectedIcon=,margin=java.awt.Insets[top=2,left=8,bottom=2,right=8],paintBorder=true,paintFocus=true,pressedIcon=,rolloverEnabled=true,rolloverIcon=,rolloverSelectedIcon=,selectedIcon=,text=OK,defaultCapable=true]
Mar 30, 2021 3:42:22 AM sun.awt.windows.WComponentPeer handleJavaFocusEvent
FINER: java.awt.FocusEvent[FOCUS_LOST,permanent,opposite=null,cause=CLEAR_GLOBAL_FOCUS_OWNER] on javax.swing.JButton[OptionPane.button,184,6,39x26,alignmentX=0.0,alignmentY=0.5,border=javax.swing.plaf.BorderUIResource$CompoundBorderUIResource@1517365b,flags=296,maximumSize=,minimumSize=,preferredSize=,defaultIcon=,disabledIcon=,disabledSelectedIcon=,margin=java.awt.Insets[top=2,left=8,bottom=2,right=8],paintBorder=true,paintFocus=true,pressedIcon=,rolloverEnabled=true,rolloverIcon=,rolloverSelectedIcon=,selectedIcon=,text=OK,defaultCapable=true]
Mar 30, 2021 3:42:22 AM java.awt.WaitDispatchSupport$5 run
FINE: Wake up EDT
Mar 30, 2021 3:42:22 AM java.awt.WaitDispatchSupport$5 run
FINE: Wake up EDT done
Mar 30, 2021 3:42:22 AM java.awt.WaitDispatchSupport enter
FINE: waitDone false false
Mar 30, 2021 3:42:22 AM java.awt.KeyboardFocusManager retargetFocusEvent
FINER: >>> sun.awt.TimedWindowEvent[WINDOW_LOST_FOCUS,opposite=null,oldState=0,newState=0] on dialog0
Mar 30, 2021 3:42:22 AM java.awt.DefaultKeyboardFocusManager dequeueKeyEvents
FINER: Dequeue at 1617036139819 for javax.swing.JButton[OptionPane.button,184,6,39x26,alignmentX=0.0,alignmentY=0.5,border=javax.swing.plaf.BorderUIResource$CompoundBorderUIResource@1517365b,flags=296,maximumSize=,minimumSize=,preferredSize=,defaultIcon=,disabledIcon=,disabledSelectedIcon=,margin=java.awt.Insets[top=2,left=8,bottom=2,right=8],paintBorder=true,paintFocus=true,pressedIcon=,rolloverEnabled=true,rolloverIcon=,rolloverSelectedIcon=,selectedIcon=,text=OK,defaultCapable=true]
Mar 30, 2021 3:42:22 AM java.awt.DefaultKeyboardFocusManager dispatchEvent
FINE: sun.awt.TimedWindowEvent[WINDOW_LOST_FOCUS,opposite=null,oldState=0,newState=0] on dialog0
Mar 30, 2021 3:42:22 AM java.awt.DefaultKeyboardFocusManager dispatchEvent
FINE: Active javax.swing.JDialog[dialog0,738,456,444x129,hidden,layout=java.awt.BorderLayout,APPLICATION_MODAL,title=Error,defaultCloseOperation=HIDE_ON_CLOSE,rootPane=javax.swing.JRootPane[,8,31,428x90,layout=javax.swing.JRootPane$RootLayout,alignmentX=0.0,alignmentY=0.0,border=,flags=16777673,maximumSize=,minimumSize=,preferredSize=],rootPaneCheckingEnabled=true], Current focused javax.swing.JDialog[dialog0,738,456,444x129,hidden,layout=java.awt.BorderLayout,APPLICATION_MODAL,title=Error,defaultCloseOperation=HIDE_ON_CLOSE,rootPane=javax.swing.JRootPane[,8,31,428x90,layout=javax.swing.JRootPane$RootLayout,alignmentX=0.0,alignmentY=0.0,border=,flags=16777673,maximumSize=,minimumSize=,preferredSize=],rootPaneCheckingEnabled=true], losing focus javax.swing.JDialog[dialog0,738,456,444x129,hidden,layout=java.awt.BorderLayout,APPLICATION_MODAL,title=Error,defaultCloseOperation=HIDE_ON_CLOSE,rootPane=javax.swing.JRootPane[,8,31,428x90,layout=javax.swing.JRootPane$RootLayout,alignmentX=0.0,alignmentY=0.0,border=,flags=16777673,maximumSize=,minimumSize=,preferredSize=],rootPaneCheckingEnabled=true] opposite null
Mar 30, 2021 3:42:22 AM java.awt.KeyboardFocusManager retargetFocusEvent
FINER: >>> java.awt.event.WindowEvent[WINDOW_DEACTIVATED,opposite=null,oldState=0,newState=0] on dialog0
Mar 30, 2021 3:42:22 AM java.awt.DefaultKeyboardFocusManager dispatchEvent
FINE: java.awt.event.WindowEvent[WINDOW_DEACTIVATED,opposite=null,oldState=0,newState=0] on dialog0
Mar 30, 2021 3:42:22 AM java.awt.KeyboardFocusManager setGlobalActiveWindow
FINER: Setting global active window to null, old active javax.swing.JDialog[dialog0,738,456,444x129,hidden,layout=java.awt.BorderLayout,APPLICATION_MODAL,title=Error,defaultCloseOperation=HIDE_ON_CLOSE,rootPane=javax.swing.JRootPane[,8,31,428x90,layout=javax.swing.JRootPane$RootLayout,alignmentX=0.0,alignmentY=0.0,border=,flags=16777673,maximumSize=,minimumSize=,preferredSize=],rootPaneCheckingEnabled=true]
Mar 30, 2021 3:42:22 AM java.awt.Container mixOnHiding
FINE: this = javax.swing.JButton[OptionPane.button,184,6,39x26,invalid,alignmentX=0.0,alignmentY=0.5,border=javax.swing.plaf.BorderUIResource$CompoundBorderUIResource@1517365b,flags=296,maximumSize=,minimumSize=,preferredSize=,defaultIcon=,disabledIcon=,disabledSelectedIcon=,margin=java.awt.Insets[top=2,left=8,bottom=2,right=8],paintBorder=true,paintFocus=true,pressedIcon=,rolloverEnabled=true,rolloverIcon=,rolloverSelectedIcon=,selectedIcon=,text=OK,defaultCapable=true]; isLightweight=true
Mar 30, 2021 3:42:22 AM java.awt.Component mixOnHiding
FINE: this = javax.swing.JButton[OptionPane.button,184,6,39x26,invalid,alignmentX=0.0,alignmentY=0.5,border=javax.swing.plaf.BorderUIResource$CompoundBorderUIResource@1517365b,flags=296,maximumSize=,minimumSize=,preferredSize=,defaultIcon=,disabledIcon=,disabledSelectedIcon=,margin=java.awt.Insets[top=2,left=8,bottom=2,right=8],paintBorder=true,paintFocus=true,pressedIcon=,rolloverEnabled=true,rolloverIcon=,rolloverSelectedIcon=,selectedIcon=,text=OK,defaultCapable=true]; isLightweight = true
Mar 30, 2021 3:42:22 AM java.awt.Component isMixingNeeded
FINE: containing window = javax.swing.JDialog[dialog0,738,456,444x129,hidden,layout=java.awt.BorderLayout,APPLICATION_MODAL,title=Error,defaultCloseOperation=HIDE_ON_CLOSE,rootPane=javax.swing.JRootPane[,8,31,428x90,layout=javax.swing.JRootPane$RootLayout,alignmentX=0.0,alignmentY=0.0,border=,flags=16777673,maximumSize=,minimumSize=,preferredSize=],rootPaneCheckingEnabled=true]; has h/w descendants = false; has l/w descendants = true; disposing = true
Mar 30, 2021 3:42:22 AM java.awt.Container mixOnHiding
FINE: this = javax.swing.JPanel[OptionPane.buttonArea,10,45,408x32,invalid,layout=javax.swing.plaf.basic.BasicOptionPaneUI$ButtonAreaLayout,alignmentX=0.0,alignmentY=0.0,border=javax.swing.plaf.BorderUIResource$EmptyBorderUIResource@2280cdac,flags=9,maximumSize=,minimumSize=,preferredSize=]; isLightweight=true
Mar 30, 2021 3:42:22 AM java.awt.Component mixOnHiding
FINE: this = javax.swing.JPanel[OptionPane.buttonArea,10,45,408x32,invalid,layout=javax.swing.plaf.basic.BasicOptionPaneUI$ButtonAreaLayout,alignmentX=0.0,alignmentY=0.0,border=javax.swing.plaf.BorderUIResource$EmptyBorderUIResource@2280cdac,flags=9,maximumSize=,minimumSize=,preferredSize=]; isLightweight = true
Mar 30, 2021 3:42:22 AM java.awt.Component isMixingNeeded
FINE: containing window = javax.swing.JDialog[dialog0,738,456,444x129,hidden,layout=java.awt.BorderLayout,APPLICATION_MODAL,title=Error,defaultCloseOperation=HIDE_ON_CLOSE,rootPane=javax.swing.JRootPane[,8,31,428x90,layout=javax.swing.JRootPane$RootLayout,alignmentX=0.0,alignmentY=0.0,border=,flags=16777673,maximumSize=,minimumSize=,preferredSize=],rootPaneCheckingEnabled=true]; has h/w descendants = false; has l/w descendants = true; disposing = true
Mar 30, 2021 3:42:22 AM java.awt.Container mixOnHiding
FINE: this = javax.swing.JLabel[OptionPane.label,0,8,408x16,invalid,alignmentX=0.0,alignmentY=0.0,border=,flags=8388608,maximumSize=,minimumSize=,preferredSize=,defaultIcon=,disabledIcon=,horizontalAlignment=LEADING,horizontalTextPosition=TRAILING,iconTextGap=4,labelFor=,text=mts-launcher must be launched in the same directory as desktop-1.0.jar,verticalAlignment=CENTER,verticalTextPosition=CENTER]; isLightweight=true
Mar 30, 2021 3:42:22 AM java.awt.Component mixOnHiding
FINE: this = javax.swing.JLabel[OptionPane.label,0,8,408x16,invalid,alignmentX=0.0,alignmentY=0.0,border=,flags=8388608,maximumSize=,minimumSize=,preferredSize=,defaultIcon=,disabledIcon=,horizontalAlignment=LEADING,horizontalTextPosition=TRAILING,iconTextGap=4,labelFor=,text=mts-launcher must be launched in the same directory as desktop-1.0.jar,verticalAlignment=CENTER,verticalTextPosition=CENTER]; isLightweight = true
Mar 30, 2021 3:42:22 AM java.awt.Component isMixingNeeded
FINE: containing window = javax.swing.JDialog[dialog0,738,456,444x129,hidden,layout=java.awt.BorderLayout,APPLICATION_MODAL,title=Error,defaultCloseOperation=HIDE_ON_CLOSE,rootPane=javax.swing.JRootPane[,8,31,428x90,layout=javax.swing.JRootPane$RootLayout,alignmentX=0.0,alignmentY=0.0,border=,flags=16777673,maximumSize=,minimumSize=,preferredSize=],rootPaneCheckingEnabled=true]; has h/w descendants = false; has l/w descendants = true; disposing = true
Mar 30, 2021 3:42:22 AM java.awt.Container mixOnHiding
FINE: this = javax.swing.JPanel[OptionPane.body,0,0,408x35,invalid,layout=java.awt.GridBagLayout,alignmentX=0.0,alignmentY=0.0,border=,flags=9,maximumSize=,minimumSize=,preferredSize=]; isLightweight=true
Mar 30, 2021 3:42:22 AM java.awt.Component mixOnHiding
FINE: this = javax.swing.JPanel[OptionPane.body,0,0,408x35,invalid,layout=java.awt.GridBagLayout,alignmentX=0.0,alignmentY=0.0,border=,flags=9,maximumSize=,minimumSize=,preferredSize=]; isLightweight = true
Mar 30, 2021 3:42:22 AM java.awt.Component isMixingNeeded
FINE: containing window = javax.swing.JDialog[dialog0,738,456,444x129,hidden,layout=java.awt.BorderLayout,APPLICATION_MODAL,title=Error,defaultCloseOperation=HIDE_ON_CLOSE,rootPane=javax.swing.JRootPane[,8,31,428x90,layout=javax.swing.JRootPane$RootLayout,alignmentX=0.0,alignmentY=0.0,border=,flags=16777673,maximumSize=,minimumSize=,preferredSize=],rootPaneCheckingEnabled=true]; has h/w descendants = false; has l/w descendants = true; disposing = true
Mar 30, 2021 3:42:22 AM java.awt.Container mixOnHiding
FINE: this = javax.swing.JPanel[OptionPane.realBody,0,0,408x35,invalid,layout=java.awt.BorderLayout,alignmentX=0.0,alignmentY=0.0,border=,flags=9,maximumSize=,minimumSize=,preferredSize=]; isLightweight=true
Mar 30, 2021 3:42:22 AM java.awt.Component mixOnHiding
FINE: this = javax.swing.JPanel[OptionPane.realBody,0,0,408x35,invalid,layout=java.awt.BorderLayout,alignmentX=0.0,alignmentY=0.0,border=,flags=9,maximumSize=,minimumSize=,preferredSize=]; isLightweight = true
Mar 30, 2021 3:42:22 AM java.awt.Component isMixingNeeded
FINE: containing window = javax.swing.JDialog[dialog0,738,456,444x129,hidden,layout=java.awt.BorderLayout,APPLICATION_MODAL,title=Error,defaultCloseOperation=HIDE_ON_CLOSE,rootPane=javax.swing.JRootPane[,8,31,428x90,layout=javax.swing.JRootPane$RootLayout,alignmentX=0.0,alignmentY=0.0,border=,flags=16777673,maximumSize=,minimumSize=,preferredSize=],rootPaneCheckingEnabled=true]; has h/w descendants = false; has l/w descendants = true; disposing = true
Mar 30, 2021 3:42:22 AM java.awt.Container mixOnHiding
FINE: this = javax.swing.JPanel[,10,10,408x35,invalid,layout=java.awt.BorderLayout,alignmentX=0.0,alignmentY=0.0,border=javax.swing.plaf.BorderUIResource$EmptyBorderUIResource@29444d75,flags=9,maximumSize=,minimumSize=,preferredSize=]; isLightweight=true
Mar 30, 2021 3:42:22 AM java.awt.Component mixOnHiding
FINE: this = javax.swing.JPanel[,10,10,408x35,invalid,layout=java.awt.BorderLayout,alignmentX=0.0,alignmentY=0.0,border=javax.swing.plaf.BorderUIResource$EmptyBorderUIResource@29444d75,flags=9,maximumSize=,minimumSize=,preferredSize=]; isLightweight = true
Mar 30, 2021 3:42:22 AM java.awt.Component isMixingNeeded
FINE: containing window = javax.swing.JDialog[dialog0,738,456,444x129,hidden,layout=java.awt.BorderLayout,APPLICATION_MODAL,title=Error,defaultCloseOperation=HIDE_ON_CLOSE,rootPane=javax.swing.JRootPane[,8,31,428x90,layout=javax.swing.JRootPane$RootLayout,alignmentX=0.0,alignmentY=0.0,border=,flags=16777673,maximumSize=,minimumSize=,preferredSize=],rootPaneCheckingEnabled=true]; has h/w descendants = false; has l/w descendants = true; disposing = true
Mar 30, 2021 3:42:22 AM java.awt.Container mixOnHiding
FINE: this = javax.swing.JOptionPane[,0,0,428x90,invalid,layout=javax.swing.BoxLayout,alignmentX=0.0,alignmentY=0.0,border=javax.swing.plaf.BorderUIResource$EmptyBorderUIResource@51016012,flags=392,maximumSize=,minimumSize=,preferredSize=,icon=,initialValue=,message=mts-launcher must be launched in the same directory as desktop-1.0.jar,messageType=PLAIN_MESSAGE,optionType=DEFAULT_OPTION,wantsInput=false]; isLightweight=true
Mar 30, 2021 3:42:22 AM java.awt.Component mixOnHiding
FINE: this = javax.swing.JOptionPane[,0,0,428x90,invalid,layout=javax.swing.BoxLayout,alignmentX=0.0,alignmentY=0.0,border=javax.swing.plaf.BorderUIResource$EmptyBorderUIResource@51016012,flags=392,maximumSize=,minimumSize=,preferredSize=,icon=,initialValue=,message=mts-launcher must be launched in the same directory as desktop-1.0.jar,messageType=PLAIN_MESSAGE,optionType=DEFAULT_OPTION,wantsInput=false]; isLightweight = true
Mar 30, 2021 3:42:22 AM java.awt.Component isMixingNeeded
FINE: containing window = javax.swing.JDialog[dialog0,738,456,444x129,hidden,layout=java.awt.BorderLayout,APPLICATION_MODAL,title=Error,defaultCloseOperation=HIDE_ON_CLOSE,rootPane=javax.swing.JRootPane[,8,31,428x90,layout=javax.swing.JRootPane$RootLayout,alignmentX=0.0,alignmentY=0.0,border=,flags=16777673,maximumSize=,minimumSize=,preferredSize=],rootPaneCheckingEnabled=true]; has h/w descendants = false; has l/w descendants = true; disposing = true
Mar 30, 2021 3:42:22 AM java.awt.Container mixOnHiding
FINE: this = javax.swing.JPanel[null.contentPane,0,0,428x90,invalid,layout=java.awt.BorderLayout,alignmentX=0.0,alignmentY=0.0,border=,flags=9,maximumSize=,minimumSize=,preferredSize=]; isLightweight=true
Mar 30, 2021 3:42:22 AM java.awt.Component mixOnHiding
FINE: this = javax.swing.JPanel[null.contentPane,0,0,428x90,invalid,layout=java.awt.BorderLayout,alignmentX=0.0,alignmentY=0.0,border=,flags=9,maximumSize=,minimumSize=,preferredSize=]; isLightweight = true
Mar 30, 2021 3:42:22 AM java.awt.Component isMixingNeeded
FINE: containing window = javax.swing.JDialog[dialog0,738,456,444x129,hidden,layout=java.awt.BorderLayout,APPLICATION_MODAL,title=Error,defaultCloseOperation=HIDE_ON_CLOSE,rootPane=javax.swing.JRootPane[,8,31,428x90,layout=javax.swing.JRootPane$RootLayout,alignmentX=0.0,alignmentY=0.0,border=,flags=16777673,maximumSize=,minimumSize=,preferredSize=],rootPaneCheckingEnabled=true]; has h/w descendants = false; has l/w descendants = true; disposing = true
Mar 30, 2021 3:42:22 AM java.awt.Container mixOnHiding
FINE: this = javax.swing.JLayeredPane[null.layeredPane,0,0,428x90,invalid,alignmentX=0.0,alignmentY=0.0,border=,flags=0,maximumSize=,minimumSize=,preferredSize=,optimizedDrawingPossible=true]; isLightweight=true
Mar 30, 2021 3:42:22 AM java.awt.Component mixOnHiding
FINE: this = javax.swing.JLayeredPane[null.layeredPane,0,0,428x90,invalid,alignmentX=0.0,alignmentY=0.0,border=,flags=0,maximumSize=,minimumSize=,preferredSize=,optimizedDrawingPossible=true]; isLightweight = true
Mar 30, 2021 3:42:22 AM java.awt.Component isMixingNeeded
FINE: containing window = javax.swing.JDialog[dialog0,738,456,444x129,hidden,layout=java.awt.BorderLayout,APPLICATION_MODAL,title=Error,defaultCloseOperation=HIDE_ON_CLOSE,rootPane=javax.swing.JRootPane[,8,31,428x90,layout=javax.swing.JRootPane$RootLayout,alignmentX=0.0,alignmentY=0.0,border=,flags=16777673,maximumSize=,minimumSize=,preferredSize=],rootPaneCheckingEnabled=true]; has h/w descendants = false; has l/w descendants = true; disposing = true
Mar 30, 2021 3:42:22 AM java.awt.Container mixOnHiding
FINE: this = javax.swing.JPanel[null.glassPane,0,0,428x90,invalid,hidden,layout=java.awt.FlowLayout,alignmentX=0.0,alignmentY=0.0,border=,flags=16777217,maximumSize=,minimumSize=,preferredSize=]; isLightweight=true
Mar 30, 2021 3:42:22 AM java.awt.Component mixOnHiding
FINE: this = javax.swing.JPanel[null.glassPane,0,0,428x90,invalid,hidden,layout=java.awt.FlowLayout,alignmentX=0.0,alignmentY=0.0,border=,flags=16777217,maximumSize=,minimumSize=,preferredSize=]; isLightweight = true
Mar 30, 2021 3:42:22 AM java.awt.Component isMixingNeeded
FINE: containing window = javax.swing.JDialog[dialog0,738,456,444x129,hidden,layout=java.awt.BorderLayout,APPLICATION_MODAL,title=Error,defaultCloseOperation=HIDE_ON_CLOSE,rootPane=javax.swing.JRootPane[,8,31,428x90,layout=javax.swing.JRootPane$RootLayout,alignmentX=0.0,alignmentY=0.0,border=,flags=16777673,maximumSize=,minimumSize=,preferredSize=],rootPaneCheckingEnabled=true]; has h/w descendants = false; has l/w descendants = true; disposing = true
Mar 30, 2021 3:42:22 AM java.awt.Container mixOnHiding
FINE: this = javax.swing.JRootPane[,8,31,428x90,invalid,layout=javax.swing.JRootPane$RootLayout,alignmentX=0.0,alignmentY=0.0,border=,flags=16777673,maximumSize=,minimumSize=,preferredSize=]; isLightweight=true
Mar 30, 2021 3:42:22 AM java.awt.Component mixOnHiding
FINE: this = javax.swing.JRootPane[,8,31,428x90,invalid,layout=javax.swing.JRootPane$RootLayout,alignmentX=0.0,alignmentY=0.0,border=,flags=16777673,maximumSize=,minimumSize=,preferredSize=]; isLightweight = true
Mar 30, 2021 3:42:22 AM java.awt.Component isMixingNeeded
FINE: containing window = javax.swing.JDialog[dialog0,738,456,444x129,hidden,layout=java.awt.BorderLayout,APPLICATION_MODAL,title=Error,defaultCloseOperation=HIDE_ON_CLOSE,rootPane=javax.swing.JRootPane[,8,31,428x90,invalid,layout=javax.swing.JRootPane$RootLayout,alignmentX=0.0,alignmentY=0.0,border=,flags=16777673,maximumSize=,minimumSize=,preferredSize=],rootPaneCheckingEnabled=true]; has h/w descendants = false; has l/w descendants = false; disposing = true
Mar 30, 2021 3:42:22 AM sun.awt.SunDisplayChanger remove
FINER: Removing listener: sun.awt.windows.WDialogPeer[javax.swing.JDialog[dialog0,738,456,444x129,invalid,hidden,layout=java.awt.BorderLayout,APPLICATION_MODAL,title=Error,defaultCloseOperation=HIDE_ON_CLOSE,rootPane=javax.swing.JRootPane[,8,31,428x90,invalid,layout=javax.swing.JRootPane$RootLayout,alignmentX=0.0,alignmentY=0.0,border=,flags=16777673,maximumSize=,minimumSize=,preferredSize=],rootPaneCheckingEnabled=true]]
Mar 30, 2021 3:42:22 AM java.awt.Container mixOnHiding
FINE: this = javax.swing.JDialog[dialog0,738,456,444x129,invalid,hidden,layout=java.awt.BorderLayout,APPLICATION_MODAL,title=Error,defaultCloseOperation=HIDE_ON_CLOSE,rootPane=javax.swing.JRootPane[,8,31,428x90,invalid,layout=javax.swing.JRootPane$RootLayout,alignmentX=0.0,alignmentY=0.0,border=,flags=16777673,maximumSize=,minimumSize=,preferredSize=],rootPaneCheckingEnabled=true]; isLightweight=false
Mar 30, 2021 3:42:22 AM java.awt.Component mixOnHiding
FINE: this = javax.swing.JDialog[dialog0,738,456,444x129,invalid,hidden,layout=java.awt.BorderLayout,APPLICATION_MODAL,title=Error,defaultCloseOperation=HIDE_ON_CLOSE,rootPane=javax.swing.JRootPane[,8,31,428x90,invalid,layout=javax.swing.JRootPane$RootLayout,alignmentX=0.0,alignmentY=0.0,border=,flags=16777673,maximumSize=,minimumSize=,preferredSize=],rootPaneCheckingEnabled=true]; isLightweight = false
Mar 30, 2021 3:42:22 AM java.awt.Component isMixingNeeded
FINE: containing window = javax.swing.JDialog[dialog0,738,456,444x129,invalid,hidden,layout=java.awt.BorderLayout,APPLICATION_MODAL,title=Error,defaultCloseOperation=HIDE_ON_CLOSE,rootPane=javax.swing.JRootPane[,8,31,428x90,invalid,layout=javax.swing.JRootPane$RootLayout,alignmentX=0.0,alignmentY=0.0,border=,flags=16777673,maximumSize=,minimumSize=,preferredSize=],rootPaneCheckingEnabled=true]; has h/w descendants = false; has l/w descendants = false; disposing = true
Mar 30, 2021 3:42:22 AM java.awt.KeyboardFocusManager retargetFocusEvent
FINER: >>> java.awt.event.WindowEvent[WINDOW_CLOSED,opposite=null,oldState=0,newState=0] on dialog0
Mar 30, 2021 3:42:22 AM com.megacrit.mtslauncher.Main main
SEVERE: The ModTheSpire process was not launched with desktop-1.0.jar in its current working directory! cwd=E:\Programming Projects\StS-Okuu
Mar 30, 2021 3:42:22 AM java.awt.DefaultKeyboardFocusManager dispatchEvent
FINE: java.awt.event.WindowEvent[WINDOW_CLOSED,opposite=null,oldState=0,newState=0] on dialog0
Mar 30, 2021 3:42:22 AM com.megacrit.mtslauncher.Main main
INFO: Successfully launched Mod the Spire! Exiting cleanly.
